mode: set
github.com/lgldsilva/semidx/internal/search/cache.go:28.64,29.14 1 1
github.com/lgldsilva/semidx/internal/search/cache.go:29.14,31.3 1 1
github.com/lgldsilva/semidx/internal/search/cache.go:32.2,32.18 1 1
github.com/lgldsilva/semidx/internal/search/cache.go:32.18,34.3 1 1
github.com/lgldsilva/semidx/internal/search/cache.go:35.2,39.3 1 1
github.com/lgldsilva/semidx/internal/search/cache.go:43.67,48.9 4 1
github.com/lgldsilva/semidx/internal/search/cache.go:48.9,50.3 1 1
github.com/lgldsilva/semidx/internal/search/cache.go:51.2,51.39 1 1
github.com/lgldsilva/semidx/internal/search/cache.go:51.39,54.3 2 1
github.com/lgldsilva/semidx/internal/search/cache.go:55.2,55.28 1 1
github.com/lgldsilva/semidx/internal/search/cache.go:59.68,64.33 3 1
github.com/lgldsilva/semidx/internal/search/cache.go:64.33,66.3 1 1
github.com/lgldsilva/semidx/internal/search/cache.go:68.2,72.30 2 1
github.com/lgldsilva/semidx/internal/search/cache.go:76.41,81.27 4 1
github.com/lgldsilva/semidx/internal/search/cache.go:81.27,82.15 1 1
github.com/lgldsilva/semidx/internal/search/cache.go:82.15,84.9 2 1
github.com/lgldsilva/semidx/internal/search/cache.go:91.55,95.29 3 1
github.com/lgldsilva/semidx/internal/search/cache.go:95.29,96.40 1 1
github.com/lgldsilva/semidx/internal/search/cache.go:96.40,98.4 1 1
github.com/lgldsilva/semidx/internal/search/cache.go:101.2,102.27 2 1
github.com/lgldsilva/semidx/internal/search/cache.go:102.27,103.32 1 1
github.com/lgldsilva/semidx/internal/search/cache.go:103.32,105.4 1 1
github.com/lgldsilva/semidx/internal/search/cache.go:107.2,107.16 1 1
github.com/lgldsilva/semidx/internal/search/cache.go:111.32,115.2 3 1
github.com/lgldsilva/semidx/internal/search/cache.go:118.33,119.22 1 1
github.com/lgldsilva/semidx/internal/search/cache.go:119.22,121.3 1 1
github.com/lgldsilva/semidx/internal/search/cache.go:122.2,124.21 3 1
github.com/lgldsilva/semidx/internal/search/cache.go:128.56,132.32 2 1
github.com/lgldsilva/semidx/internal/search/cache.go:132.32,133.20 1 1
github.com/lgldsilva/semidx/internal/search/cache.go:133.20,134.67 1 1
github.com/lgldsilva/semidx/internal/search/cache.go:134.67,136.5 1 1
github.com/lgldsilva/semidx/internal/search/cache.go:139.2,139.14 1 1
github.com/lgldsilva/semidx/internal/search/format.go:28.67,30.18 2 1
github.com/lgldsilva/semidx/internal/search/format.go:30.18,32.3 1 1
github.com/lgldsilva/semidx/internal/search/format.go:33.2,34.14 2 1
github.com/lgldsilva/semidx/internal/search/format.go:34.14,36.3 1 1
github.com/lgldsilva/semidx/internal/search/format.go:37.2,37.33 1 1
github.com/lgldsilva/semidx/internal/search/format.go:37.33,38.77 1 1
github.com/lgldsilva/semidx/internal/search/format.go:38.77,40.4 1 1
github.com/lgldsilva/semidx/internal/search/format.go:42.2,42.12 1 1
github.com/lgldsilva/semidx/internal/search/format.go:47.118,49.41 2 1
github.com/lgldsilva/semidx/internal/search/format.go:49.41,51.3 1 0
github.com/lgldsilva/semidx/internal/search/format.go:52.2,52.82 1 1
github.com/lgldsilva/semidx/internal/search/format.go:52.82,54.3 1 1
github.com/lgldsilva/semidx/internal/search/format.go:55.2,56.61 2 1
github.com/lgldsilva/semidx/internal/search/format.go:56.61,58.3 1 0
github.com/lgldsilva/semidx/internal/search/format.go:59.2,60.64 2 1
github.com/lgldsilva/semidx/internal/search/format.go:60.64,61.62 1 1
github.com/lgldsilva/semidx/internal/search/format.go:61.62,63.4 1 0
github.com/lgldsilva/semidx/internal/search/format.go:64.8,65.99 1 1
github.com/lgldsilva/semidx/internal/search/format.go:65.99,67.4 1 0
github.com/lgldsilva/semidx/internal/search/format.go:69.2,69.12 1 1
github.com/lgldsilva/semidx/internal/search/format.go:74.72,77.49 2 1
github.com/lgldsilva/semidx/internal/search/format.go:77.49,79.3 1 0
github.com/lgldsilva/semidx/internal/search/format.go:80.2,83.53 3 1
github.com/lgldsilva/semidx/internal/search/format.go:83.53,85.3 1 1
github.com/lgldsilva/semidx/internal/search/format.go:86.2,88.26 3 1
github.com/lgldsilva/semidx/internal/search/format.go:88.26,90.3 1 1
github.com/lgldsilva/semidx/internal/search/format.go:91.2,91.44 1 1
github.com/lgldsilva/semidx/internal/search/format.go:101.66,102.33 1 1
github.com/lgldsilva/semidx/internal/search/format.go:102.33,105.15 3 1
github.com/lgldsilva/semidx/internal/search/format.go:105.15,107.4 1 1
github.com/lgldsilva/semidx/internal/search/format.go:108.3,108.99 1 1
github.com/lgldsilva/semidx/internal/search/format.go:108.99,110.4 1 1
github.com/lgldsilva/semidx/internal/search/format.go:112.2,112.12 1 1
github.com/lgldsilva/semidx/internal/search/format.go:118.64,130.25 3 1
github.com/lgldsilva/semidx/internal/search/format.go:130.25,132.3 1 1
github.com/lgldsilva/semidx/internal/search/format.go:133.2,133.33 1 1
github.com/lgldsilva/semidx/internal/search/format.go:133.33,135.3 1 1
github.com/lgldsilva/semidx/internal/search/format.go:136.2,138.24 3 1
github.com/lgldsilva/semidx/internal/search/format.go:144.53,145.13 1 1
github.com/lgldsilva/semidx/internal/search/format.go:145.13,147.3 1 1
github.com/lgldsilva/semidx/internal/search/format.go:148.2,148.41 1 1
github.com/lgldsilva/semidx/internal/search/format.go:153.52,154.15 1 1
github.com/lgldsilva/semidx/internal/search/format.go:154.15,156.3 1 1
github.com/lgldsilva/semidx/internal/search/format.go:157.2,157.17 1 1
github.com/lgldsilva/semidx/internal/search/format.go:157.17,159.3 1 1
github.com/lgldsilva/semidx/internal/search/format.go:160.2,160.42 1 1
github.com/lgldsilva/semidx/internal/search/format.go:164.47,165.49 1 1
github.com/lgldsilva/semidx/internal/search/format.go:165.49,166.41 1 1
github.com/lgldsilva/semidx/internal/search/format.go:166.41,168.4 1 1
github.com/lgldsilva/semidx/internal/search/format.go:170.2,170.11 1 1
github.com/lgldsilva/semidx/internal/search/format.go:174.48,176.19 2 1
github.com/lgldsilva/semidx/internal/search/format.go:176.19,178.3 1 1
github.com/lgldsilva/semidx/internal/search/format.go:179.2,180.41 2 1
github.com/lgldsilva/semidx/internal/search/format.go:180.41,182.3 1 1
github.com/lgldsilva/semidx/internal/search/format.go:183.2,183.24 1 1
github.com/lgldsilva/semidx/internal/search/hybrid.go:23.159,33.12 4 0
github.com/lgldsilva/semidx/internal/search/hybrid.go:33.12,35.17 2 0
github.com/lgldsilva/semidx/internal/search/hybrid.go:35.17,38.4 2 0
github.com/lgldsilva/semidx/internal/search/hybrid.go:39.3,40.40 2 0
github.com/lgldsilva/semidx/internal/search/hybrid.go:44.2,44.12 1 0
github.com/lgldsilva/semidx/internal/search/hybrid.go:44.12,47.3 2 0
github.com/lgldsilva/semidx/internal/search/hybrid.go:49.2,50.21 2 0
github.com/lgldsilva/semidx/internal/search/hybrid.go:50.21,52.3 1 0
github.com/lgldsilva/semidx/internal/search/hybrid.go:53.2,54.21 2 0
github.com/lgldsilva/semidx/internal/search/hybrid.go:54.21,57.3 1 0
github.com/lgldsilva/semidx/internal/search/hybrid.go:59.2,59.57 1 0
github.com/lgldsilva/semidx/internal/search/hybrid.go:66.85,67.22 1 1
github.com/lgldsilva/semidx/internal/search/hybrid.go:67.22,69.3 1 1
github.com/lgldsilva/semidx/internal/search/hybrid.go:70.2,70.23 1 1
github.com/lgldsilva/semidx/internal/search/hybrid.go:70.23,72.3 1 1
github.com/lgldsilva/semidx/internal/search/hybrid.go:75.2,83.42 5 1
github.com/lgldsilva/semidx/internal/search/hybrid.go:83.42,85.3 1 1
github.com/lgldsilva/semidx/internal/search/hybrid.go:86.2,86.39 1 1
github.com/lgldsilva/semidx/internal/search/hybrid.go:96.62,98.28 2 1
github.com/lgldsilva/semidx/internal/search/hybrid.go:98.28,100.3 1 1
github.com/lgldsilva/semidx/internal/search/hybrid.go:101.2,101.14 1 1
github.com/lgldsilva/semidx/internal/search/hybrid.go:106.98,110.27 3 1
github.com/lgldsilva/semidx/internal/search/hybrid.go:110.27,114.32 4 1
github.com/lgldsilva/semidx/internal/search/hybrid.go:114.32,116.4 1 1
github.com/lgldsilva/semidx/internal/search/hybrid.go:117.3,117.70 1 1
github.com/lgldsilva/semidx/internal/search/hybrid.go:120.2,120.28 1 1
github.com/lgldsilva/semidx/internal/search/hybrid.go:120.28,122.15 2 1
github.com/lgldsilva/semidx/internal/search/hybrid.go:122.15,123.12 1 1
github.com/lgldsilva/semidx/internal/search/hybrid.go:125.3,128.5 1 1
github.com/lgldsilva/semidx/internal/search/hybrid.go:130.2,130.19 1 1
github.com/lgldsilva/semidx/internal/search/hybrid.go:134.44,135.9 1 1
github.com/lgldsilva/semidx/internal/search/hybrid.go:136.40,137.11 1 1
github.com/lgldsilva/semidx/internal/search/hybrid.go:138.25,139.12 1 1
github.com/lgldsilva/semidx/internal/search/hybrid.go:140.10,141.11 1 1
github.com/lgldsilva/semidx/internal/search/hybrid.go:147.74,150.28 3 1
github.com/lgldsilva/semidx/internal/search/hybrid.go:150.28,152.19 2 1
github.com/lgldsilva/semidx/internal/search/hybrid.go:152.19,154.4 1 1
github.com/lgldsilva/semidx/internal/search/hybrid.go:156.2,156.12 1 1
github.com/lgldsilva/semidx/internal/search/hybrid.go:160.44,162.2 1 1
github.com/lgldsilva/semidx/internal/search/limits.go:10.37,11.16 1 1
github.com/lgldsilva/semidx/internal/search/limits.go:11.16,13.3 1 1
github.com/lgldsilva/semidx/internal/search/limits.go:14.2,14.27 1 1
github.com/lgldsilva/semidx/internal/search/limits.go:14.27,16.3 1 1
github.com/lgldsilva/semidx/internal/search/limits.go:17.2,17.14 1 1
github.com/lgldsilva/semidx/internal/search/routing.go:23.44,24.17 1 1
github.com/lgldsilva/semidx/internal/search/routing.go:24.17,26.3 1 1
github.com/lgldsilva/semidx/internal/search/routing.go:29.2,29.87 1 1
github.com/lgldsilva/semidx/internal/search/routing.go:29.87,31.3 1 1
github.com/lgldsilva/semidx/internal/search/routing.go:34.2,34.34 1 1
github.com/lgldsilva/semidx/internal/search/routing.go:34.34,36.3 1 1
github.com/lgldsilva/semidx/internal/search/routing.go:39.2,39.41 1 1
github.com/lgldsilva/semidx/internal/search/routing.go:39.41,41.3 1 1
github.com/lgldsilva/semidx/internal/search/routing.go:44.2,44.25 1 1
github.com/lgldsilva/semidx/internal/search/routing.go:44.25,46.3 1 1
github.com/lgldsilva/semidx/internal/search/routing.go:48.2,48.29 1 1
github.com/lgldsilva/semidx/internal/search/routing.go:52.34,53.13 1 1
github.com/lgldsilva/semidx/internal/search/routing.go:53.13,55.3 1 1
github.com/lgldsilva/semidx/internal/search/routing.go:56.2,56.22 1 1
github.com/lgldsilva/semidx/internal/search/routing.go:56.22,57.67 1 1
github.com/lgldsilva/semidx/internal/search/routing.go:57.67,58.12 1 1
github.com/lgldsilva/semidx/internal/search/routing.go:60.3,60.52 1 1
github.com/lgldsilva/semidx/internal/search/routing.go:60.52,61.12 1 1
github.com/lgldsilva/semidx/internal/search/routing.go:63.3,63.15 1 1
github.com/lgldsilva/semidx/internal/search/routing.go:65.2,65.13 1 1
github.com/lgldsilva/semidx/internal/search/routing.go:69.37,70.12 1 1
github.com/lgldsilva/semidx/internal/search/routing.go:71.20,72.19 1 1
github.com/lgldsilva/semidx/internal/search/routing.go:73.23,74.22 1 1
github.com/lgldsilva/semidx/internal/search/routing.go:75.17,76.16 1 1
github.com/lgldsilva/semidx/internal/search/routing.go:77.18,78.17 1 1
github.com/lgldsilva/semidx/internal/search/routing.go:79.28,80.28 1 1
github.com/lgldsilva/semidx/internal/search/routing.go:81.10,82.19 1 1
github.com/lgldsilva/semidx/internal/search/service.go:31.64,33.2 1 1
github.com/lgldsilva/semidx/internal/search/service.go:75.79,79.19 3 1
github.com/lgldsilva/semidx/internal/search/service.go:79.19,81.3 1 1
github.com/lgldsilva/semidx/internal/search/service.go:82.2,85.16 3 1
github.com/lgldsilva/semidx/internal/search/service.go:85.16,86.40 1 1
github.com/lgldsilva/semidx/internal/search/service.go:86.40,88.4 1 1
github.com/lgldsilva/semidx/internal/search/service.go:89.3,90.25 2 1
github.com/lgldsilva/semidx/internal/search/service.go:90.25,92.4 1 0
github.com/lgldsilva/semidx/internal/search/service.go:93.3,93.71 1 1
github.com/lgldsilva/semidx/internal/search/service.go:96.2,97.21 2 1
github.com/lgldsilva/semidx/internal/search/service.go:97.21,99.3 1 1
github.com/lgldsilva/semidx/internal/search/service.go:100.2,109.58 3 1
github.com/lgldsilva/semidx/internal/search/service.go:109.58,111.3 1 1
github.com/lgldsilva/semidx/internal/search/service.go:113.2,116.21 3 1
github.com/lgldsilva/semidx/internal/search/service.go:116.21,118.3 1 1
github.com/lgldsilva/semidx/internal/search/service.go:118.8,120.3 1 1
github.com/lgldsilva/semidx/internal/search/service.go:121.2,121.16 1 1
github.com/lgldsilva/semidx/internal/search/service.go:121.16,123.3 1 1
github.com/lgldsilva/semidx/internal/search/service.go:125.2,125.15 1 1
github.com/lgldsilva/semidx/internal/search/service.go:125.15,127.18 2 1
github.com/lgldsilva/semidx/internal/search/service.go:127.18,132.4 1 0
github.com/lgldsilva/semidx/internal/search/service.go:132.9,132.31 1 1
github.com/lgldsilva/semidx/internal/search/service.go:132.31,134.4 1 1
github.com/lgldsilva/semidx/internal/search/service.go:137.2,137.18 1 1
github.com/lgldsilva/semidx/internal/search/service.go:140.72,141.33 1 1
github.com/lgldsilva/semidx/internal/search/service.go:141.33,143.3 1 1
github.com/lgldsilva/semidx/internal/search/service.go:144.2,144.11 1 1
github.com/lgldsilva/semidx/internal/search/service.go:147.148,149.16 2 1
github.com/lgldsilva/semidx/internal/search/service.go:149.16,151.3 1 1
github.com/lgldsilva/semidx/internal/search/service.go:152.2,154.18 3 1
github.com/lgldsilva/semidx/internal/search/service.go:157.159,159.16 2 1
github.com/lgldsilva/semidx/internal/search/service.go:159.16,164.26 2 1
github.com/lgldsilva/semidx/internal/search/service.go:164.26,166.4 1 1
github.com/lgldsilva/semidx/internal/search/service.go:167.3,170.18 4 1
github.com/lgldsilva/semidx/internal/search/service.go:170.18,172.4 1 1
github.com/lgldsilva/semidx/internal/search/service.go:173.3,174.19 2 1
github.com/lgldsilva/semidx/internal/search/service.go:177.2,178.17 2 1
github.com/lgldsilva/semidx/internal/search/service.go:178.17,180.3 1 1
github.com/lgldsilva/semidx/internal/search/service.go:181.2,182.18 2 1
github.com/lgldsilva/semidx/internal/search/service.go:187.92,188.24 1 1
github.com/lgldsilva/semidx/internal/search/service.go:188.24,190.3 1 1
github.com/lgldsilva/semidx/internal/search/service.go:191.2,191.23 1 1
github.com/lgldsilva/semidx/internal/search/service.go:191.23,193.3 1 1
github.com/lgldsilva/semidx/internal/search/service.go:194.2,194.31 1 1
github.com/lgldsilva/semidx/internal/search/service.go:199.146,200.20 1 1
github.com/lgldsilva/semidx/internal/search/service.go:200.20,202.3 1 1
github.com/lgldsilva/semidx/internal/search/service.go:203.2,203.63 1 1
github.com/lgldsilva/semidx/internal/search/service.go:207.146,208.20 1 1
github.com/lgldsilva/semidx/internal/search/service.go:208.20,210.3 1 1
github.com/lgldsilva/semidx/internal/search/service.go:211.2,211.73 1 1
github.com/lgldsilva/semidx/internal/search/service.go:217.153,218.27 1 1
github.com/lgldsilva/semidx/internal/search/service.go:218.27,220.3 1 0
github.com/lgldsilva/semidx/internal/search/service.go:223.2,224.16 2 1
github.com/lgldsilva/semidx/internal/search/service.go:224.16,226.3 1 0
github.com/lgldsilva/semidx/internal/search/service.go:227.2,227.21 1 1
github.com/lgldsilva/semidx/internal/search/service.go:227.21,229.3 1 1
github.com/lgldsilva/semidx/internal/search/service.go:233.2,234.34 2 1
github.com/lgldsilva/semidx/internal/search/service.go:234.34,235.31 1 1
github.com/lgldsilva/semidx/internal/search/service.go:235.31,237.4 1 1
github.com/lgldsilva/semidx/internal/search/service.go:240.2,247.32 6 1
github.com/lgldsilva/semidx/internal/search/service.go:247.32,249.3 1 1
github.com/lgldsilva/semidx/internal/search/service.go:251.2,262.24 2 1
github.com/lgldsilva/semidx/internal/search/service.go:262.24,264.3 1 1
github.com/lgldsilva/semidx/internal/search/service.go:266.2,267.21 2 1
github.com/lgldsilva/semidx/internal/search/service.go:282.127,285.36 3 1
github.com/lgldsilva/semidx/internal/search/service.go:285.36,287.17 2 1
github.com/lgldsilva/semidx/internal/search/service.go:287.17,295.12 3 0
github.com/lgldsilva/semidx/internal/search/service.go:297.3,297.23 1 1
github.com/lgldsilva/semidx/internal/search/service.go:297.23,303.12 2 0
github.com/lgldsilva/semidx/internal/search/service.go:305.3,305.32 1 1
github.com/lgldsilva/semidx/internal/search/service.go:305.32,308.4 2 1
github.com/lgldsilva/semidx/internal/search/service.go:311.2,311.16 1 1
github.com/lgldsilva/semidx/internal/search/service.go:324.131,325.20 1 1
github.com/lgldsilva/semidx/internal/search/service.go:325.20,327.3 1 0
github.com/lgldsilva/semidx/internal/search/service.go:328.2,329.24 2 1
github.com/lgldsilva/semidx/internal/search/service.go:329.24,331.3 1 1
github.com/lgldsilva/semidx/internal/search/service.go:332.2,332.63 1 1
github.com/lgldsilva/semidx/internal/search/service.go:332.63,334.3 1 1
github.com/lgldsilva/semidx/internal/search/service.go:335.2,337.28 2 1
github.com/lgldsilva/semidx/internal/search/service.go:337.28,338.34 1 1
github.com/lgldsilva/semidx/internal/search/service.go:338.34,340.4 1 0
github.com/lgldsilva/semidx/internal/search/service.go:341.3,341.61 1 1
github.com/lgldsilva/semidx/internal/search/service.go:341.61,343.4 1 1
github.com/lgldsilva/semidx/internal/search/service.go:346.2,346.73 1 1
github.com/lgldsilva/semidx/internal/search/service.go:352.50,358.28 3 1
github.com/lgldsilva/semidx/internal/search/service.go:358.28,361.3 2 1
github.com/lgldsilva/semidx/internal/search/service.go:363.2,365.21 2 1
github.com/lgldsilva/semidx/internal/search/service.go:365.21,369.31 3 1
github.com/lgldsilva/semidx/internal/search/service.go:369.31,370.12 1 1
github.com/lgldsilva/semidx/internal/search/service.go:373.3,376.38 3 1
github.com/lgldsilva/semidx/internal/search/service.go:376.38,377.81 1 1
github.com/lgldsilva/semidx/internal/search/service.go:377.81,379.5 1 1
github.com/lgldsilva/semidx/internal/search/service.go:383.2,383.17 1 1
github.com/lgldsilva/semidx/internal/search/service.go:390.86,392.29 2 1
github.com/lgldsilva/semidx/internal/search/service.go:392.29,394.3 1 1
github.com/lgldsilva/semidx/internal/search/service.go:396.2,399.29 3 1
github.com/lgldsilva/semidx/internal/search/service.go:399.29,400.25 1 1
github.com/lgldsilva/semidx/internal/search/service.go:400.25,403.4 2 1
github.com/lgldsilva/semidx/internal/search/service.go:406.2,406.61 1 1
github.com/lgldsilva/semidx/internal/search/service.go:406.61,407.10 1 1
github.com/lgldsilva/semidx/internal/search/service.go:408.26,409.13 1 1
github.com/lgldsilva/semidx/internal/search/service.go:410.26,411.12 1 1
github.com/lgldsilva/semidx/internal/search/service.go:412.11,413.12 1 0
github.com/lgldsilva/semidx/internal/search/service.go:417.2,417.16 1 1
