mode: set
github.com/lgldsilva/semidx/internal/chat/chain.go:33.54,35.2 1 1
github.com/lgldsilva/semidx/internal/chat/chain.go:40.89,43.33 3 1
github.com/lgldsilva/semidx/internal/chat/chain.go:43.33,44.23 1 1
github.com/lgldsilva/semidx/internal/chat/chain.go:44.23,46.4 1 1
github.com/lgldsilva/semidx/internal/chat/chain.go:48.3,49.17 2 1
github.com/lgldsilva/semidx/internal/chat/chain.go:49.17,51.26 1 1
github.com/lgldsilva/semidx/internal/chat/chain.go:51.26,53.5 1 1
github.com/lgldsilva/semidx/internal/chat/chain.go:54.4,54.22 1 1
github.com/lgldsilva/semidx/internal/chat/chain.go:57.3,67.23 4 1
github.com/lgldsilva/semidx/internal/chat/chain.go:67.23,69.4 1 1
github.com/lgldsilva/semidx/internal/chat/chain.go:76.2,76.20 1 1
github.com/lgldsilva/semidx/internal/chat/chain.go:76.20,78.3 1 1
github.com/lgldsilva/semidx/internal/chat/chain.go:80.2,80.54 1 1
github.com/lgldsilva/semidx/internal/chat/chain.go:85.63,86.26 1 1
github.com/lgldsilva/semidx/internal/chat/chain.go:86.26,88.3 1 1
github.com/lgldsilva/semidx/internal/chat/chain.go:94.80,97.35 3 1
github.com/lgldsilva/semidx/internal/chat/chain.go:97.35,99.3 1 1
github.com/lgldsilva/semidx/internal/chat/chain.go:100.2,101.70 2 1
github.com/lgldsilva/semidx/internal/chat/chain.go:107.100,110.33 2 1
github.com/lgldsilva/semidx/internal/chat/chain.go:110.33,111.23 1 1
github.com/lgldsilva/semidx/internal/chat/chain.go:111.23,113.4 1 1
github.com/lgldsilva/semidx/internal/chat/chain.go:115.3,116.17 2 1
github.com/lgldsilva/semidx/internal/chat/chain.go:116.17,118.4 1 1
github.com/lgldsilva/semidx/internal/chat/chain.go:119.3,120.33 2 1
github.com/lgldsilva/semidx/internal/chat/chain.go:123.2,123.79 1 1
github.com/lgldsilva/semidx/internal/chat/chain.go:129.119,131.9 2 1
github.com/lgldsilva/semidx/internal/chat/chain.go:131.9,134.3 1 1
github.com/lgldsilva/semidx/internal/chat/chain.go:135.2,135.35 1 1
github.com/lgldsilva/semidx/internal/chat/chain.go:139.105,141.16 2 1
github.com/lgldsilva/semidx/internal/chat/chain.go:141.16,143.3 1 0
github.com/lgldsilva/semidx/internal/chat/chain.go:145.2,149.16 5 1
github.com/lgldsilva/semidx/internal/chat/chain.go:156.59,158.2 1 1
github.com/lgldsilva/semidx/internal/chat/chain.go:161.34,164.2 2 0
github.com/lgldsilva/semidx/internal/chat/google.go:34.60,47.2 1 1
github.com/lgldsilva/semidx/internal/chat/google.go:55.36,56.22 1 1
github.com/lgldsilva/semidx/internal/chat/google.go:57.11,58.101 1 1
github.com/lgldsilva/semidx/internal/chat/google.go:59.11,60.115 1 1
github.com/lgldsilva/semidx/internal/chat/google.go:61.26,62.117 1 1
github.com/lgldsilva/semidx/internal/chat/google.go:63.10,64.64 1 1
github.com/lgldsilva/semidx/internal/chat/google.go:104.89,106.17 2 1
github.com/lgldsilva/semidx/internal/chat/google.go:106.17,108.3 1 1
github.com/lgldsilva/semidx/internal/chat/google.go:111.2,112.16 2 1
github.com/lgldsilva/semidx/internal/chat/google.go:112.16,114.3 1 1
github.com/lgldsilva/semidx/internal/chat/google.go:117.2,118.18 2 1
github.com/lgldsilva/semidx/internal/chat/google.go:118.18,120.3 1 1
github.com/lgldsilva/semidx/internal/chat/google.go:122.2,123.33 2 1
github.com/lgldsilva/semidx/internal/chat/google.go:123.33,126.3 1 1
github.com/lgldsilva/semidx/internal/chat/google.go:128.2,136.16 3 1
github.com/lgldsilva/semidx/internal/chat/google.go:136.16,138.3 1 0
github.com/lgldsilva/semidx/internal/chat/google.go:140.2,141.16 2 1
github.com/lgldsilva/semidx/internal/chat/google.go:141.16,143.3 1 0
github.com/lgldsilva/semidx/internal/chat/google.go:144.2,145.20 2 1
github.com/lgldsilva/semidx/internal/chat/google.go:145.20,147.3 1 1
github.com/lgldsilva/semidx/internal/chat/google.go:149.2,150.16 2 1
github.com/lgldsilva/semidx/internal/chat/google.go:150.16,152.3 1 1
github.com/lgldsilva/semidx/internal/chat/google.go:153.2,153.15 1 1
github.com/lgldsilva/semidx/internal/chat/google.go:153.15,153.40 1 1
github.com/lgldsilva/semidx/internal/chat/google.go:155.2,155.38 1 1
github.com/lgldsilva/semidx/internal/chat/google.go:155.38,159.21 3 1
github.com/lgldsilva/semidx/internal/chat/google.go:159.21,161.4 1 1
github.com/lgldsilva/semidx/internal/chat/google.go:162.3,162.69 1 1
github.com/lgldsilva/semidx/internal/chat/google.go:165.2,166.67 2 1
github.com/lgldsilva/semidx/internal/chat/google.go:166.67,168.3 1 1
github.com/lgldsilva/semidx/internal/chat/google.go:170.2,170.30 1 1
github.com/lgldsilva/semidx/internal/chat/google.go:170.30,172.3 1 1
github.com/lgldsilva/semidx/internal/chat/google.go:174.2,177.8 1 1
github.com/lgldsilva/semidx/internal/chat/google.go:182.100,184.16 2 1
github.com/lgldsilva/semidx/internal/chat/google.go:184.16,186.3 1 0
github.com/lgldsilva/semidx/internal/chat/google.go:188.2,189.16 2 1
github.com/lgldsilva/semidx/internal/chat/google.go:189.16,191.3 1 0
github.com/lgldsilva/semidx/internal/chat/google.go:192.2,193.20 2 1
github.com/lgldsilva/semidx/internal/chat/google.go:193.20,195.3 1 1
github.com/lgldsilva/semidx/internal/chat/google.go:197.2,198.16 2 1
github.com/lgldsilva/semidx/internal/chat/google.go:198.16,200.3 1 1
github.com/lgldsilva/semidx/internal/chat/google.go:202.2,202.38 1 1
github.com/lgldsilva/semidx/internal/chat/google.go:202.38,206.21 4 1
github.com/lgldsilva/semidx/internal/chat/google.go:206.21,208.4 1 1
github.com/lgldsilva/semidx/internal/chat/google.go:209.3,209.69 1 1
github.com/lgldsilva/semidx/internal/chat/google.go:212.2,215.16 3 1
github.com/lgldsilva/semidx/internal/chat/google.go:218.72,220.17 2 1
github.com/lgldsilva/semidx/internal/chat/google.go:220.17,222.3 1 1
github.com/lgldsilva/semidx/internal/chat/google.go:224.2,225.16 2 1
github.com/lgldsilva/semidx/internal/chat/google.go:225.16,227.3 1 0
github.com/lgldsilva/semidx/internal/chat/google.go:229.2,230.18 2 1
github.com/lgldsilva/semidx/internal/chat/google.go:230.18,232.3 1 0
github.com/lgldsilva/semidx/internal/chat/google.go:234.2,235.33 2 1
github.com/lgldsilva/semidx/internal/chat/google.go:235.33,238.3 1 1
github.com/lgldsilva/semidx/internal/chat/google.go:240.2,248.30 2 1
github.com/lgldsilva/semidx/internal/chat/google.go:251.68,252.15 1 1
github.com/lgldsilva/semidx/internal/chat/google.go:252.15,252.40 1 1
github.com/lgldsilva/semidx/internal/chat/google.go:253.2,258.21 4 1
github.com/lgldsilva/semidx/internal/chat/google.go:258.21,260.41 2 1
github.com/lgldsilva/semidx/internal/chat/google.go:260.41,261.12 1 1
github.com/lgldsilva/semidx/internal/chat/google.go:263.3,264.23 2 1
github.com/lgldsilva/semidx/internal/chat/google.go:264.23,267.4 2 1
github.com/lgldsilva/semidx/internal/chat/google.go:269.3,270.67 2 1
github.com/lgldsilva/semidx/internal/chat/google.go:270.67,271.12 1 0
github.com/lgldsilva/semidx/internal/chat/google.go:274.3,274.35 1 1
github.com/lgldsilva/semidx/internal/chat/google.go:274.35,275.12 1 1
github.com/lgldsilva/semidx/internal/chat/google.go:278.3,282.20 4 1
github.com/lgldsilva/semidx/internal/chat/google.go:282.20,284.4 1 1
github.com/lgldsilva/semidx/internal/chat/google.go:285.3,285.31 1 1
github.com/lgldsilva/semidx/internal/chat/google.go:285.31,288.4 2 1
github.com/lgldsilva/semidx/internal/chat/google.go:291.2,291.38 1 1
github.com/lgldsilva/semidx/internal/chat/google.go:291.38,293.3 1 1
github.com/lgldsilva/semidx/internal/chat/google.go:294.2,294.31 1 1
github.com/lgldsilva/semidx/internal/chat/history.go:11.40,16.2 1 1
github.com/lgldsilva/semidx/internal/chat/history.go:19.43,22.2 2 1
github.com/lgldsilva/semidx/internal/chat/history.go:25.48,28.2 2 1
github.com/lgldsilva/semidx/internal/chat/history.go:31.45,34.2 2 1
github.com/lgldsilva/semidx/internal/chat/history.go:37.43,41.2 3 1
github.com/lgldsilva/semidx/internal/chat/history.go:44.27,46.2 1 1
github.com/lgldsilva/semidx/internal/chat/history.go:52.26,53.45 1 1
github.com/lgldsilva/semidx/internal/chat/history.go:53.45,55.3 1 1
github.com/lgldsilva/semidx/internal/chat/history.go:58.2,63.29 3 1
github.com/lgldsilva/semidx/internal/chat/history.go:63.29,65.3 1 1
github.com/lgldsilva/semidx/internal/chat/history.go:68.2,77.19 6 1
github.com/lgldsilva/semidx/internal/chat/history.go:81.48,83.29 2 1
github.com/lgldsilva/semidx/internal/chat/history.go:83.29,84.25 1 1
github.com/lgldsilva/semidx/internal/chat/history.go:84.25,85.9 1 1
github.com/lgldsilva/semidx/internal/chat/history.go:87.3,87.6 1 1
github.com/lgldsilva/semidx/internal/chat/history.go:89.2,89.10 1 1
github.com/lgldsilva/semidx/internal/chat/history.go:93.55,95.40 2 1
github.com/lgldsilva/semidx/internal/chat/history.go:95.40,96.33 1 1
github.com/lgldsilva/semidx/internal/chat/history.go:96.33,98.4 1 1
github.com/lgldsilva/semidx/internal/chat/history.go:100.2,100.10 1 1
github.com/lgldsilva/semidx/internal/chat/history.go:105.72,107.42 2 1
github.com/lgldsilva/semidx/internal/chat/history.go:107.42,108.35 1 1
github.com/lgldsilva/semidx/internal/chat/history.go:108.35,112.64 3 1
github.com/lgldsilva/semidx/internal/chat/history.go:112.64,114.5 1 1
github.com/lgldsilva/semidx/internal/chat/history.go:115.9,117.4 1 0
github.com/lgldsilva/semidx/internal/chat/history.go:119.2,119.12 1 1
github.com/lgldsilva/semidx/internal/chat/openrouter.go:29.68,31.13 2 1
github.com/lgldsilva/semidx/internal/chat/openrouter.go:31.13,33.3 1 1
github.com/lgldsilva/semidx/internal/chat/openrouter.go:34.2,45.3 1 1
github.com/lgldsilva/semidx/internal/chat/openrouter.go:72.93,74.17 2 1
github.com/lgldsilva/semidx/internal/chat/openrouter.go:74.17,76.3 1 1
github.com/lgldsilva/semidx/internal/chat/openrouter.go:79.2,80.16 2 1
github.com/lgldsilva/semidx/internal/chat/openrouter.go:80.16,82.3 1 1
github.com/lgldsilva/semidx/internal/chat/openrouter.go:85.2,86.18 2 1
github.com/lgldsilva/semidx/internal/chat/openrouter.go:86.18,88.3 1 1
github.com/lgldsilva/semidx/internal/chat/openrouter.go:90.2,91.33 2 1
github.com/lgldsilva/semidx/internal/chat/openrouter.go:91.33,94.3 1 1
github.com/lgldsilva/semidx/internal/chat/openrouter.go:96.2,104.16 3 1
github.com/lgldsilva/semidx/internal/chat/openrouter.go:104.16,106.3 1 0
github.com/lgldsilva/semidx/internal/chat/openrouter.go:108.2,109.16 2 1
github.com/lgldsilva/semidx/internal/chat/openrouter.go:109.16,111.3 1 0
github.com/lgldsilva/semidx/internal/chat/openrouter.go:112.2,113.20 2 1
github.com/lgldsilva/semidx/internal/chat/openrouter.go:113.20,115.3 1 1
github.com/lgldsilva/semidx/internal/chat/openrouter.go:117.2,120.16 3 1
github.com/lgldsilva/semidx/internal/chat/openrouter.go:120.16,122.3 1 1
github.com/lgldsilva/semidx/internal/chat/openrouter.go:123.2,123.15 1 1
github.com/lgldsilva/semidx/internal/chat/openrouter.go:123.15,123.40 1 1
github.com/lgldsilva/semidx/internal/chat/openrouter.go:125.2,125.38 1 1
github.com/lgldsilva/semidx/internal/chat/openrouter.go:125.38,129.21 3 1
github.com/lgldsilva/semidx/internal/chat/openrouter.go:129.21,131.4 1 1
github.com/lgldsilva/semidx/internal/chat/openrouter.go:132.3,132.69 1 1
github.com/lgldsilva/semidx/internal/chat/openrouter.go:135.2,136.67 2 1
github.com/lgldsilva/semidx/internal/chat/openrouter.go:136.67,138.3 1 1
github.com/lgldsilva/semidx/internal/chat/openrouter.go:140.2,140.30 1 1
github.com/lgldsilva/semidx/internal/chat/openrouter.go:140.30,142.3 1 1
github.com/lgldsilva/semidx/internal/chat/openrouter.go:144.2,147.8 1 1
github.com/lgldsilva/semidx/internal/chunker/chunker.go:81.37,83.2 1 1
github.com/lgldsilva/semidx/internal/chunker/chunker.go:89.36,91.29 2 1
github.com/lgldsilva/semidx/internal/chunker/chunker.go:91.29,92.24 1 1
github.com/lgldsilva/semidx/internal/chunker/chunker.go:92.24,94.4 1 1
github.com/lgldsilva/semidx/internal/chunker/chunker.go:97.2,98.22 2 1
github.com/lgldsilva/semidx/internal/chunker/chunker.go:98.22,100.3 1 1
github.com/lgldsilva/semidx/internal/chunker/chunker.go:102.2,102.15 1 1
github.com/lgldsilva/semidx/internal/chunker/chunker.go:102.15,104.3 1 1
github.com/lgldsilva/semidx/internal/chunker/chunker.go:106.2,107.29 2 0
github.com/lgldsilva/semidx/internal/chunker/chunker.go:113.35,115.15 2 1
github.com/lgldsilva/semidx/internal/chunker/chunker.go:115.15,117.3 1 1
github.com/lgldsilva/semidx/internal/chunker/chunker.go:118.2,118.43 1 0
github.com/lgldsilva/semidx/internal/chunker/chunker.go:123.67,124.22 1 1
github.com/lgldsilva/semidx/internal/chunker/chunker.go:124.22,126.3 1 1
github.com/lgldsilva/semidx/internal/chunker/chunker.go:127.2,127.37 1 1
github.com/lgldsilva/semidx/internal/chunker/chunker.go:130.54,139.21 5 1
github.com/lgldsilva/semidx/internal/chunker/chunker.go:139.21,143.10 3 1
github.com/lgldsilva/semidx/internal/chunker/chunker.go:144.63,146.15 1 1
github.com/lgldsilva/semidx/internal/chunker/chunker.go:147.29,148.42 1 1
github.com/lgldsilva/semidx/internal/chunker/chunker.go:149.11,150.33 1 1
github.com/lgldsilva/semidx/internal/chunker/chunker.go:154.2,157.46 2 1
github.com/lgldsilva/semidx/internal/chunker/chunker.go:157.46,159.3 1 0
github.com/lgldsilva/semidx/internal/chunker/chunker.go:161.2,161.19 1 1
github.com/lgldsilva/semidx/internal/chunker/chunker.go:175.35,176.26 1 1
github.com/lgldsilva/semidx/internal/chunker/chunker.go:176.26,178.3 1 1
github.com/lgldsilva/semidx/internal/chunker/chunker.go:179.2,180.19 2 1
github.com/lgldsilva/semidx/internal/chunker/chunker.go:185.64,186.69 1 1
github.com/lgldsilva/semidx/internal/chunker/chunker.go:186.69,188.3 1 1
github.com/lgldsilva/semidx/internal/chunker/chunker.go:189.2,189.26 1 1
github.com/lgldsilva/semidx/internal/chunker/chunker.go:189.26,191.3 1 1
github.com/lgldsilva/semidx/internal/chunker/chunker.go:192.2,194.29 3 1
github.com/lgldsilva/semidx/internal/chunker/chunker.go:200.73,202.53 2 1
github.com/lgldsilva/semidx/internal/chunker/chunker.go:202.53,203.45 1 1
github.com/lgldsilva/semidx/internal/chunker/chunker.go:203.45,205.4 1 1
github.com/lgldsilva/semidx/internal/chunker/chunker.go:209.54,211.27 2 1
github.com/lgldsilva/semidx/internal/chunker/chunker.go:211.27,213.3 1 1
github.com/lgldsilva/semidx/internal/chunker/chunker.go:215.2,219.24 4 1
github.com/lgldsilva/semidx/internal/chunker/chunker.go:219.24,226.23 3 1
github.com/lgldsilva/semidx/internal/chunker/chunker.go:226.23,227.9 1 1
github.com/lgldsilva/semidx/internal/chunker/chunker.go:229.3,229.52 1 1
github.com/lgldsilva/semidx/internal/chunker/chunker.go:232.2,232.15 1 1
github.com/lgldsilva/semidx/internal/chunker/chunker.go:239.56,241.22 2 1
github.com/lgldsilva/semidx/internal/chunker/chunker.go:241.22,243.3 1 1
github.com/lgldsilva/semidx/internal/chunker/chunker.go:244.2,244.69 1 1
github.com/lgldsilva/semidx/internal/chunker/chunker.go:244.69,246.3 1 1
github.com/lgldsilva/semidx/internal/chunker/chunker.go:247.2,247.48 1 1
github.com/lgldsilva/semidx/internal/chunker/chunker.go:247.48,249.3 1 1
github.com/lgldsilva/semidx/internal/chunker/chunker.go:250.2,250.12 1 1
github.com/lgldsilva/semidx/internal/chunker/chunker.go:255.63,257.70 2 1
github.com/lgldsilva/semidx/internal/chunker/chunker.go:257.70,259.3 1 1
github.com/lgldsilva/semidx/internal/chunker/chunker.go:260.2,260.19 1 1
github.com/lgldsilva/semidx/internal/chunker/chunker.go:260.19,262.3 1 0
github.com/lgldsilva/semidx/internal/chunker/chunker.go:263.2,263.13 1 1
github.com/lgldsilva/semidx/internal/chunker/chunker.go:267.42,268.24 1 1
github.com/lgldsilva/semidx/internal/chunker/chunker.go:268.24,270.3 1 1
github.com/lgldsilva/semidx/internal/chunker/chunker.go:271.2,271.16 1 1
github.com/lgldsilva/semidx/internal/chunker/chunker.go:271.16,273.3 1 1
github.com/lgldsilva/semidx/internal/chunker/chunker.go:274.2,274.47 1 1
github.com/lgldsilva/semidx/internal/chunker/chunker.go:279.50,281.24 2 1
github.com/lgldsilva/semidx/internal/chunker/chunker.go:281.24,283.42 2 1
github.com/lgldsilva/semidx/internal/chunker/chunker.go:283.42,285.4 1 1
github.com/lgldsilva/semidx/internal/chunker/chunker.go:286.3,286.15 1 1
github.com/lgldsilva/semidx/internal/chunker/chunker.go:286.15,288.48 2 1
github.com/lgldsilva/semidx/internal/chunker/chunker.go:288.48,290.5 1 1
github.com/lgldsilva/semidx/internal/chunker/chunker.go:292.3,293.14 2 1
github.com/lgldsilva/semidx/internal/chunker/chunker.go:295.2,295.16 1 1
github.com/lgldsilva/semidx/internal/chunker/chunker.go:295.16,297.3 1 1
github.com/lgldsilva/semidx/internal/chunker/chunker.go:298.2,298.12 1 1
github.com/lgldsilva/semidx/internal/chunker/chunker.go:301.80,302.29 1 1
github.com/lgldsilva/semidx/internal/chunker/chunker.go:302.29,304.3 1 1
github.com/lgldsilva/semidx/internal/chunker/chunker.go:305.2,305.46 1 1
github.com/lgldsilva/semidx/internal/chunker/chunker.go:305.46,307.3 1 1
github.com/lgldsilva/semidx/internal/chunker/chunker.go:308.2,308.11 1 1
github.com/lgldsilva/semidx/internal/chunker/chunker.go:308.11,310.3 1 1
github.com/lgldsilva/semidx/internal/chunker/chunker.go:311.2,311.20 1 1
github.com/lgldsilva/semidx/internal/chunker/chunker_ast.go:25.70,27.20 2 1
github.com/lgldsilva/semidx/internal/chunker/chunker_ast.go:27.20,29.3 1 1
github.com/lgldsilva/semidx/internal/chunker/chunker_ast.go:30.2,30.50 1 1
github.com/lgldsilva/semidx/internal/chunker/chunker_ast.go:34.85,38.41 3 1
github.com/lgldsilva/semidx/internal/chunker/chunker_ast.go:38.41,40.3 1 1
github.com/lgldsilva/semidx/internal/chunker/chunker_ast.go:42.2,43.21 2 1
github.com/lgldsilva/semidx/internal/chunker/chunker_ast.go:43.21,45.3 1 0
github.com/lgldsilva/semidx/internal/chunker/chunker_ast.go:47.2,50.29 3 1
github.com/lgldsilva/semidx/internal/chunker/chunker_ast.go:50.29,57.3 5 1
github.com/lgldsilva/semidx/internal/chunker/chunker_ast.go:59.2,59.64 1 1
github.com/lgldsilva/semidx/internal/chunker/chunker_ast.go:64.108,65.32 1 1
github.com/lgldsilva/semidx/internal/chunker/chunker_ast.go:65.32,67.3 1 1
github.com/lgldsilva/semidx/internal/chunker/chunker_ast.go:68.2,69.71 2 1
github.com/lgldsilva/semidx/internal/chunker/chunker_ast.go:69.71,71.3 1 1
github.com/lgldsilva/semidx/internal/chunker/chunker_ast.go:72.2,72.15 1 1
github.com/lgldsilva/semidx/internal/chunker/chunker_ast.go:76.47,77.24 1 1
github.com/lgldsilva/semidx/internal/chunker/chunker_ast.go:77.24,79.3 1 1
github.com/lgldsilva/semidx/internal/chunker/chunker_ast.go:80.2,80.15 1 1
github.com/lgldsilva/semidx/internal/chunker/chunker_ast.go:85.108,90.45 4 1
github.com/lgldsilva/semidx/internal/chunker/chunker_ast.go:90.45,96.3 1 1
github.com/lgldsilva/semidx/internal/chunker/chunker_ast.go:97.2,97.90 1 1
github.com/lgldsilva/semidx/internal/chunker/chunker_ast.go:102.91,103.28 1 1
github.com/lgldsilva/semidx/internal/chunker/chunker_ast.go:103.28,105.3 1 1
github.com/lgldsilva/semidx/internal/chunker/chunker_ast.go:106.2,107.16 2 1
github.com/lgldsilva/semidx/internal/chunker/chunker_ast.go:107.16,109.3 1 1
github.com/lgldsilva/semidx/internal/chunker/chunker_ast.go:110.2,110.15 1 1
github.com/lgldsilva/semidx/internal/chunker/chunker_ast.go:115.85,121.25 5 1
github.com/lgldsilva/semidx/internal/chunker/chunker_ast.go:121.25,123.28 1 1
github.com/lgldsilva/semidx/internal/chunker/chunker_ast.go:123.28,125.4 1 1
github.com/lgldsilva/semidx/internal/chunker/chunker_ast.go:127.3,137.37 6 1
github.com/lgldsilva/semidx/internal/chunker/chunker_ast.go:140.2,140.15 1 1
github.com/lgldsilva/semidx/internal/chunker/chunker_ast.go:146.88,148.63 2 1
github.com/lgldsilva/semidx/internal/chunker/chunker_ast.go:148.63,156.3 3 1
github.com/lgldsilva/semidx/internal/chunker/chunker_ast.go:157.2,157.15 1 1
github.com/lgldsilva/semidx/internal/chunker/chunker_ast.go:163.71,165.26 2 1
github.com/lgldsilva/semidx/internal/chunker/chunker_ast.go:165.26,167.3 1 1
github.com/lgldsilva/semidx/internal/chunker/chunker_ast.go:168.2,169.27 2 1
github.com/lgldsilva/semidx/internal/chunker/chunker_ast.go:169.27,171.3 1 1
github.com/lgldsilva/semidx/internal/chunker/chunker_ast.go:173.2,173.60 1 1
github.com/lgldsilva/semidx/internal/chunker/chunker_ast.go:173.60,175.3 1 1
github.com/lgldsilva/semidx/internal/chunker/chunker_ast.go:176.2,177.17 2 1
github.com/lgldsilva/semidx/internal/chunker/chunker_ast.go:177.17,180.28 2 0
github.com/lgldsilva/semidx/internal/chunker/chunker_ast.go:180.28,182.4 1 0
github.com/lgldsilva/semidx/internal/chunker/chunker_ast.go:184.2,184.14 1 1
github.com/lgldsilva/semidx/internal/chunker/chunker_ast.go:189.44,191.35 1 1
github.com/lgldsilva/semidx/internal/chunker/chunker_ast.go:191.35,193.3 1 1
github.com/lgldsilva/semidx/internal/chunker/chunker_ast.go:194.2,194.14 1 1
github.com/lgldsilva/semidx/internal/chunker/chunker_ast.go:200.79,201.19 1 1
github.com/lgldsilva/semidx/internal/chunker/chunker_ast.go:201.19,203.3 1 1
github.com/lgldsilva/semidx/internal/chunker/chunker_ast.go:204.2,204.26 1 1
github.com/lgldsilva/semidx/internal/chunker/chunker_ast.go:204.26,206.3 1 1
github.com/lgldsilva/semidx/internal/chunker/chunker_ast.go:207.2,207.25 1 1
github.com/lgldsilva/semidx/internal/chunker/chunker_ast.go:207.25,209.3 1 1
github.com/lgldsilva/semidx/internal/chunker/chunker_ast.go:212.2,217.27 4 1
github.com/lgldsilva/semidx/internal/chunker/chunker_ast.go:217.27,218.10 1 1
github.com/lgldsilva/semidx/internal/chunker/chunker_ast.go:219.63,220.15 1 1
github.com/lgldsilva/semidx/internal/chunker/chunker_ast.go:221.29,222.42 1 0
github.com/lgldsilva/semidx/internal/chunker/chunker_ast.go:223.11,224.33 1 1
github.com/lgldsilva/semidx/internal/chunker/chunker_ast.go:226.3,226.12 1 1
github.com/lgldsilva/semidx/internal/chunker/chunker_ast.go:228.2,230.26 2 1
github.com/lgldsilva/semidx/internal/chunker/chunker_ast.go:230.26,232.3 1 0
github.com/lgldsilva/semidx/internal/chunker/chunker_ast.go:233.2,233.19 1 1
github.com/lgldsilva/semidx/internal/config/config.go:152.37,154.2 1 1
github.com/lgldsilva/semidx/internal/config/config.go:158.41,159.11 1 1
github.com/lgldsilva/semidx/internal/config/config.go:160.10,161.12 1 1
github.com/lgldsilva/semidx/internal/config/config.go:162.32,163.33 1 1
github.com/lgldsilva/semidx/internal/config/config.go:164.10,165.11 1 1
github.com/lgldsilva/semidx/internal/config/config.go:174.34,176.25 2 0
github.com/lgldsilva/semidx/internal/config/config.go:176.25,178.3 1 0
github.com/lgldsilva/semidx/internal/config/config.go:179.2,179.12 1 0
github.com/lgldsilva/semidx/internal/config/config.go:185.56,192.2 1 1
github.com/lgldsilva/semidx/internal/config/config.go:197.65,198.49 1 1
github.com/lgldsilva/semidx/internal/config/config.go:198.49,200.3 1 1
github.com/lgldsilva/semidx/internal/config/config.go:201.2,201.18 1 1
github.com/lgldsilva/semidx/internal/config/config.go:201.18,203.3 1 1
github.com/lgldsilva/semidx/internal/config/config.go:204.2,204.79 1 1
github.com/lgldsilva/semidx/internal/config/config.go:204.79,206.3 1 1
github.com/lgldsilva/semidx/internal/config/config.go:207.2,207.46 1 1
github.com/lgldsilva/semidx/internal/config/config.go:214.21,216.2 1 1
github.com/lgldsilva/semidx/internal/config/config.go:222.68,224.41 2 1
github.com/lgldsilva/semidx/internal/config/config.go:224.41,226.3 1 1
github.com/lgldsilva/semidx/internal/config/config.go:227.2,260.33 2 1
github.com/lgldsilva/semidx/internal/config/config.go:260.33,261.42 1 1
github.com/lgldsilva/semidx/internal/config/config.go:261.42,263.5 1 1
github.com/lgldsilva/semidx/internal/config/config.go:264.4,264.63 1 1
github.com/lgldsilva/semidx/internal/config/config.go:268.37,270.4 1 1
github.com/lgldsilva/semidx/internal/config/config.go:271.46,273.60 2 1
github.com/lgldsilva/semidx/internal/config/config.go:273.60,275.5 1 1
github.com/lgldsilva/semidx/internal/config/config.go:276.4,276.27 1 1
github.com/lgldsilva/semidx/internal/config/config.go:347.32,348.30 1 1
github.com/lgldsilva/semidx/internal/config/config.go:348.30,349.20 1 1
github.com/lgldsilva/semidx/internal/config/config.go:349.20,351.4 1 1
github.com/lgldsilva/semidx/internal/config/config.go:353.2,354.77 2 1
github.com/lgldsilva/semidx/internal/config/config.go:354.77,355.33 1 1
github.com/lgldsilva/semidx/internal/config/config.go:355.33,357.4 1 1
github.com/lgldsilva/semidx/internal/config/config.go:359.2,359.14 1 0
github.com/lgldsilva/semidx/internal/config/config.go:365.36,367.2 1 1
github.com/lgldsilva/semidx/internal/config/config.go:371.47,373.16 2 1
github.com/lgldsilva/semidx/internal/config/config.go:373.16,375.3 1 0
github.com/lgldsilva/semidx/internal/config/config.go:376.2,376.29 1 1
github.com/lgldsilva/semidx/internal/config/config.go:381.42,383.15 2 1
github.com/lgldsilva/semidx/internal/config/config.go:383.15,385.3 1 1
github.com/lgldsilva/semidx/internal/config/config.go:386.2,386.70 1 1
github.com/lgldsilva/semidx/internal/config/config.go:386.70,388.3 1 1
github.com/lgldsilva/semidx/internal/config/config.go:389.2,390.16 2 1
github.com/lgldsilva/semidx/internal/config/config.go:390.16,392.3 1 0
github.com/lgldsilva/semidx/internal/config/config.go:393.2,394.24 2 1
github.com/lgldsilva/semidx/internal/config/config.go:399.37,401.16 2 1
github.com/lgldsilva/semidx/internal/config/config.go:401.16,403.3 1 0
github.com/lgldsilva/semidx/internal/config/config.go:404.2,404.26 1 1
github.com/lgldsilva/semidx/internal/config/config.go:404.26,406.3 1 1
github.com/lgldsilva/semidx/internal/config/config.go:407.2,408.24 2 1
github.com/lgldsilva/semidx/internal/config/config.go:411.46,413.16 2 1
github.com/lgldsilva/semidx/internal/config/config.go:413.16,415.3 1 0
github.com/lgldsilva/semidx/internal/config/config.go:416.2,416.60 1 1
github.com/lgldsilva/semidx/internal/config/config.go:416.60,418.3 1 0
github.com/lgldsilva/semidx/internal/config/config.go:419.2,420.19 2 1
github.com/lgldsilva/semidx/internal/config/config.go:420.19,422.3 1 1
github.com/lgldsilva/semidx/internal/config/config.go:423.2,426.25 4 1
github.com/lgldsilva/semidx/internal/config/config.go:426.25,428.3 1 1
github.com/lgldsilva/semidx/internal/config/config.go:429.2,429.51 1 1
github.com/lgldsilva/semidx/internal/config/config.go:434.40,436.41 2 1
github.com/lgldsilva/semidx/internal/config/config.go:436.41,438.3 1 1
github.com/lgldsilva/semidx/internal/config/config.go:439.2,439.43 1 1
github.com/lgldsilva/semidx/internal/config/config.go:443.41,444.52 1 1
github.com/lgldsilva/semidx/internal/config/config.go:444.52,446.3 1 1
github.com/lgldsilva/semidx/internal/config/config.go:447.2,447.12 1 1
github.com/lgldsilva/semidx/internal/config/config.go:452.39,453.13 1 1
github.com/lgldsilva/semidx/internal/config/config.go:453.13,455.3 1 1
github.com/lgldsilva/semidx/internal/config/config.go:456.2,458.26 3 1
github.com/lgldsilva/semidx/internal/config/config.go:458.26,460.14 2 1
github.com/lgldsilva/semidx/internal/config/config.go:460.14,462.4 1 1
github.com/lgldsilva/semidx/internal/config/config.go:464.2,464.12 1 1
github.com/lgldsilva/semidx/internal/config/config.go:475.45,477.2 1 1
github.com/lgldsilva/semidx/internal/config/config.go:479.91,481.26 2 1
github.com/lgldsilva/semidx/internal/config/config.go:481.26,483.3 1 1
github.com/lgldsilva/semidx/internal/config/config.go:484.2,484.10 1 1
github.com/lgldsilva/semidx/internal/config/config.go:489.50,492.16 3 1
github.com/lgldsilva/semidx/internal/config/config.go:492.16,494.3 1 1
github.com/lgldsilva/semidx/internal/config/config.go:495.2,495.57 1 1
github.com/lgldsilva/semidx/internal/config/config.go:495.57,497.49 2 1
github.com/lgldsilva/semidx/internal/config/config.go:497.49,498.12 1 1
github.com/lgldsilva/semidx/internal/config/config.go:500.3,501.13 2 1
github.com/lgldsilva/semidx/internal/config/config.go:501.13,502.12 1 1
github.com/lgldsilva/semidx/internal/config/config.go:504.3,504.58 1 1
github.com/lgldsilva/semidx/internal/config/config.go:506.2,506.13 1 1
github.com/lgldsilva/semidx/internal/config/config.go:509.48,510.43 1 1
github.com/lgldsilva/semidx/internal/config/config.go:510.43,512.3 1 1
github.com/lgldsilva/semidx/internal/config/config.go:513.2,513.29 1 1
github.com/lgldsilva/semidx/internal/config/config.go:513.29,514.27 1 1
github.com/lgldsilva/semidx/internal/config/config.go:514.27,516.4 1 1
github.com/lgldsilva/semidx/internal/config/config.go:518.2,518.12 1 1
github.com/lgldsilva/semidx/internal/config/config.go:524.62,525.47 1 1
github.com/lgldsilva/semidx/internal/config/config.go:525.47,527.3 1 1
github.com/lgldsilva/semidx/internal/config/config.go:528.2,528.46 1 1
github.com/lgldsilva/semidx/internal/config/config.go:528.46,530.3 1 1
github.com/lgldsilva/semidx/internal/config/config.go:531.2,531.29 1 1
github.com/lgldsilva/semidx/internal/config/config.go:531.29,532.31 1 1
github.com/lgldsilva/semidx/internal/config/config.go:532.31,534.4 1 0
github.com/lgldsilva/semidx/internal/config/config.go:535.3,535.30 1 1
github.com/lgldsilva/semidx/internal/config/config.go:535.30,537.4 1 1
github.com/lgldsilva/semidx/internal/config/config.go:539.2,539.12 1 1
github.com/lgldsilva/semidx/internal/clientconfig/clientconfig.go:25.29,27.2 1 1
github.com/lgldsilva/semidx/internal/clientconfig/clientconfig.go:32.30,35.16 3 1
github.com/lgldsilva/semidx/internal/clientconfig/clientconfig.go:35.16,37.3 1 1
github.com/lgldsilva/semidx/internal/clientconfig/clientconfig.go:38.2,38.61 1 1
github.com/lgldsilva/semidx/internal/clientconfig/clientconfig.go:38.61,39.49 1 1
github.com/lgldsilva/semidx/internal/clientconfig/clientconfig.go:39.49,41.4 1 1
github.com/lgldsilva/semidx/internal/clientconfig/clientconfig.go:42.8,42.32 1 1
github.com/lgldsilva/semidx/internal/clientconfig/clientconfig.go:42.32,44.3 1 1
github.com/lgldsilva/semidx/internal/clientconfig/clientconfig.go:45.2,45.50 1 1
github.com/lgldsilva/semidx/internal/clientconfig/clientconfig.go:45.50,47.3 1 1
github.com/lgldsilva/semidx/internal/clientconfig/clientconfig.go:48.2,48.45 1 1
github.com/lgldsilva/semidx/internal/clientconfig/clientconfig.go:48.45,50.3 1 1
github.com/lgldsilva/semidx/internal/clientconfig/clientconfig.go:51.2,51.55 1 1
github.com/lgldsilva/semidx/internal/clientconfig/clientconfig.go:51.55,53.3 1 1
github.com/lgldsilva/semidx/internal/clientconfig/clientconfig.go:54.2,54.15 1 1
github.com/lgldsilva/semidx/internal/clientconfig/clientconfig.go:59.28,61.16 2 1
github.com/lgldsilva/semidx/internal/clientconfig/clientconfig.go:61.16,63.3 1 1
github.com/lgldsilva/semidx/internal/clientconfig/clientconfig.go:64.2,64.60 1 1
github.com/lgldsilva/semidx/internal/clientconfig/clientconfig.go:64.60,66.3 1 1
github.com/lgldsilva/semidx/internal/clientconfig/clientconfig.go:67.2,68.16 2 1
github.com/lgldsilva/semidx/internal/clientconfig/clientconfig.go:68.16,70.3 1 0
github.com/lgldsilva/semidx/internal/clientconfig/clientconfig.go:71.2,71.37 1 1
github.com/lgldsilva/semidx/internal/embed/chain.go:44.51,49.30 1 1
github.com/lgldsilva/semidx/internal/embed/chain.go:49.30,51.3 1 1
github.com/lgldsilva/semidx/internal/embed/chain.go:54.2,56.73 2 1
github.com/lgldsilva/semidx/internal/embed/chain.go:56.73,62.3 1 1
github.com/lgldsilva/semidx/internal/embed/chain.go:64.2,64.28 1 1
github.com/lgldsilva/semidx/internal/embed/chain.go:64.28,67.3 1 1
github.com/lgldsilva/semidx/internal/embed/chain.go:68.2,68.26 1 1
github.com/lgldsilva/semidx/internal/embed/chain.go:68.26,71.3 1 0
github.com/lgldsilva/semidx/internal/embed/chain.go:72.2,72.32 1 1
github.com/lgldsilva/semidx/internal/embed/chain.go:72.32,75.3 1 0
github.com/lgldsilva/semidx/internal/embed/chain.go:76.2,76.33 1 1
github.com/lgldsilva/semidx/internal/embed/chain.go:76.33,79.3 1 0
github.com/lgldsilva/semidx/internal/embed/chain.go:82.2,86.24 2 1
github.com/lgldsilva/semidx/internal/embed/chain.go:86.24,88.21 2 0
github.com/lgldsilva/semidx/internal/embed/chain.go:88.21,89.32 1 0
github.com/lgldsilva/semidx/internal/embed/chain.go:89.32,91.5 1 0
github.com/lgldsilva/semidx/internal/embed/chain.go:91.10,93.5 1 0
github.com/lgldsilva/semidx/internal/embed/chain.go:95.3,96.31 2 0
github.com/lgldsilva/semidx/internal/embed/chain.go:96.31,98.4 1 0
github.com/lgldsilva/semidx/internal/embed/chain.go:98.9,100.4 1 0
github.com/lgldsilva/semidx/internal/embed/chain.go:101.3,101.105 1 0
github.com/lgldsilva/semidx/internal/embed/chain.go:104.2,104.49 1 1
github.com/lgldsilva/semidx/internal/embed/chain.go:111.42,115.37 2 1
github.com/lgldsilva/semidx/internal/embed/chain.go:115.37,118.3 1 1
github.com/lgldsilva/semidx/internal/embed/chain.go:121.2,121.49 1 1
github.com/lgldsilva/semidx/internal/embed/chain.go:121.49,124.3 1 1
github.com/lgldsilva/semidx/internal/embed/chain.go:127.2,127.51 1 1
github.com/lgldsilva/semidx/internal/embed/chain.go:127.51,130.3 1 0
github.com/lgldsilva/semidx/internal/embed/chain.go:132.2,132.34 1 1
github.com/lgldsilva/semidx/internal/embed/chain.go:138.48,139.61 1 1
github.com/lgldsilva/semidx/internal/embed/chain.go:139.61,145.3 1 1
github.com/lgldsilva/semidx/internal/embed/chain.go:146.2,147.28 2 1
github.com/lgldsilva/semidx/internal/embed/chain.go:147.28,149.3 1 1
github.com/lgldsilva/semidx/internal/embed/chain.go:150.2,150.26 1 1
github.com/lgldsilva/semidx/internal/embed/chain.go:150.26,152.3 1 1
github.com/lgldsilva/semidx/internal/embed/chain.go:153.2,153.32 1 1
github.com/lgldsilva/semidx/internal/embed/chain.go:153.32,155.3 1 1
github.com/lgldsilva/semidx/internal/embed/chain.go:156.2,156.33 1 1
github.com/lgldsilva/semidx/internal/embed/chain.go:156.33,158.3 1 1
github.com/lgldsilva/semidx/internal/embed/chain.go:159.2,159.21 1 1
github.com/lgldsilva/semidx/internal/embed/chain.go:159.21,161.3 1 1
github.com/lgldsilva/semidx/internal/embed/chain.go:162.2,162.45 1 1
github.com/lgldsilva/semidx/internal/embed/chain.go:167.48,168.24 1 1
github.com/lgldsilva/semidx/internal/embed/chain.go:168.24,170.3 1 1
github.com/lgldsilva/semidx/internal/embed/chain.go:171.2,172.20 2 0
github.com/lgldsilva/semidx/internal/embed/chain.go:172.20,173.31 1 0
github.com/lgldsilva/semidx/internal/embed/chain.go:173.31,175.4 1 0
github.com/lgldsilva/semidx/internal/embed/chain.go:175.9,177.4 1 0
github.com/lgldsilva/semidx/internal/embed/chain.go:179.2,179.30 1 0
github.com/lgldsilva/semidx/internal/embed/chain.go:179.30,181.3 1 0
github.com/lgldsilva/semidx/internal/embed/chain.go:182.2,182.34 1 0
github.com/lgldsilva/semidx/internal/embed/circuit.go:23.53,23.77 1 1
github.com/lgldsilva/semidx/internal/embed/circuit.go:24.53,24.69 1 0
github.com/lgldsilva/semidx/internal/embed/circuit.go:25.53,25.71 1 0
github.com/lgldsilva/semidx/internal/embed/circuit.go:36.79,37.20 1 1
github.com/lgldsilva/semidx/internal/embed/circuit.go:37.20,39.3 1 1
github.com/lgldsilva/semidx/internal/embed/circuit.go:40.2,40.19 1 1
github.com/lgldsilva/semidx/internal/embed/circuit.go:40.19,42.3 1 1
github.com/lgldsilva/semidx/internal/embed/circuit.go:43.2,46.3 1 1
github.com/lgldsilva/semidx/internal/embed/circuit.go:53.57,56.58 3 1
github.com/lgldsilva/semidx/internal/embed/circuit.go:56.58,58.3 1 1
github.com/lgldsilva/semidx/internal/embed/circuit.go:60.2,60.33 1 1
github.com/lgldsilva/semidx/internal/embed/circuit.go:60.33,62.3 1 1
github.com/lgldsilva/semidx/internal/embed/circuit.go:63.2,63.16 1 1
github.com/lgldsilva/semidx/internal/embed/circuit.go:66.43,71.2 4 1
github.com/lgldsilva/semidx/internal/embed/circuit.go:73.43,77.33 4 1
github.com/lgldsilva/semidx/internal/embed/circuit.go:77.33,79.3 1 1
github.com/lgldsilva/semidx/internal/embed/circuit.go:90.108,91.41 1 1
github.com/lgldsilva/semidx/internal/embed/circuit.go:91.41,96.3 1 1
github.com/lgldsilva/semidx/internal/embed/circuit.go:97.2,98.16 2 1
github.com/lgldsilva/semidx/internal/embed/circuit.go:98.16,101.3 2 1
github.com/lgldsilva/semidx/internal/embed/circuit.go:102.2,103.20 2 0
github.com/lgldsilva/semidx/internal/embed/circuit.go:106.100,107.41 1 1
github.com/lgldsilva/semidx/internal/embed/circuit.go:107.41,112.3 1 0
github.com/lgldsilva/semidx/internal/embed/circuit.go:113.2,114.16 2 1
github.com/lgldsilva/semidx/internal/embed/circuit.go:114.16,117.3 2 0
github.com/lgldsilva/semidx/internal/embed/circuit.go:118.2,119.20 2 1
github.com/lgldsilva/semidx/internal/embed/circuit.go:122.93,123.41 1 1
github.com/lgldsilva/semidx/internal/embed/circuit.go:123.41,128.3 1 1
github.com/lgldsilva/semidx/internal/embed/circuit.go:129.2,130.16 2 1
github.com/lgldsilva/semidx/internal/embed/circuit.go:130.16,133.3 2 1
github.com/lgldsilva/semidx/internal/embed/circuit.go:134.2,135.20 2 1
github.com/lgldsilva/semidx/internal/embed/circuit.go:138.78,139.41 1 1
github.com/lgldsilva/semidx/internal/embed/circuit.go:139.41,144.3 1 1
github.com/lgldsilva/semidx/internal/embed/circuit.go:145.2,146.16 2 1
github.com/lgldsilva/semidx/internal/embed/circuit.go:146.16,149.3 2 1
github.com/lgldsilva/semidx/internal/embed/circuit.go:150.2,151.20 2 1
github.com/lgldsilva/semidx/internal/embed/circuit.go:156.99,162.2 1 1
github.com/lgldsilva/semidx/internal/embed/embed.go:19.70,21.2 1 1
github.com/lgldsilva/semidx/internal/embed/embed.go:23.45,26.2 2 1
github.com/lgldsilva/semidx/internal/embed/embed.go:57.82,59.2 1 1
github.com/lgldsilva/semidx/internal/embed/embed.go:62.51,64.2 1 1
github.com/lgldsilva/semidx/internal/embed/embed.go:66.73,68.2 1 1
github.com/lgldsilva/semidx/internal/embed/embed.go:72.119,75.33 3 1
github.com/lgldsilva/semidx/internal/embed/embed.go:75.33,76.29 1 1
github.com/lgldsilva/semidx/internal/embed/embed.go:76.29,77.12 1 1
github.com/lgldsilva/semidx/internal/embed/embed.go:79.3,80.14 2 1
github.com/lgldsilva/semidx/internal/embed/embed.go:80.14,82.4 1 1
github.com/lgldsilva/semidx/internal/embed/embed.go:83.3,86.17 4 1
github.com/lgldsilva/semidx/internal/embed/embed.go:86.17,88.4 1 1
github.com/lgldsilva/semidx/internal/embed/embed.go:89.3,90.23 2 1
github.com/lgldsilva/semidx/internal/embed/embed.go:90.23,92.4 1 1
github.com/lgldsilva/semidx/internal/embed/embed.go:94.2,94.20 1 1
github.com/lgldsilva/semidx/internal/embed/embed.go:94.20,96.3 1 0
github.com/lgldsilva/semidx/internal/embed/embed.go:97.2,97.54 1 1
github.com/lgldsilva/semidx/internal/embed/embed.go:100.106,102.102 2 1
github.com/lgldsilva/semidx/internal/embed/embed.go:102.102,106.3 3 1
github.com/lgldsilva/semidx/internal/embed/embed.go:107.2,107.20 1 1
github.com/lgldsilva/semidx/internal/embed/embed.go:110.98,112.101 2 1
github.com/lgldsilva/semidx/internal/embed/embed.go:112.101,116.3 3 1
github.com/lgldsilva/semidx/internal/embed/embed.go:117.2,117.20 1 1
github.com/lgldsilva/semidx/internal/embed/embed.go:120.91,122.97 2 1
github.com/lgldsilva/semidx/internal/embed/embed.go:122.97,126.3 3 1
github.com/lgldsilva/semidx/internal/embed/embed.go:127.2,127.20 1 1
github.com/lgldsilva/semidx/internal/embed/embed.go:130.76,134.33 4 1
github.com/lgldsilva/semidx/internal/embed/embed.go:134.33,135.29 1 1
github.com/lgldsilva/semidx/internal/embed/embed.go:135.29,136.12 1 1
github.com/lgldsilva/semidx/internal/embed/embed.go:138.3,139.17 2 1
github.com/lgldsilva/semidx/internal/embed/embed.go:139.17,140.12 1 1
github.com/lgldsilva/semidx/internal/embed/embed.go:142.3,142.26 1 1
github.com/lgldsilva/semidx/internal/embed/embed.go:142.26,143.16 1 1
github.com/lgldsilva/semidx/internal/embed/embed.go:143.16,146.5 2 1
github.com/lgldsilva/semidx/internal/embed/embed.go:149.2,149.22 1 1
github.com/lgldsilva/semidx/internal/embed/embed.go:149.22,151.3 1 1
github.com/lgldsilva/semidx/internal/embed/embed.go:152.2,152.20 1 1
github.com/lgldsilva/semidx/internal/embed/embed.go:157.34,159.9 2 1
github.com/lgldsilva/semidx/internal/embed/embed.go:160.40,161.13 1 1
github.com/lgldsilva/semidx/internal/embed/embed.go:162.109,163.14 1 1
github.com/lgldsilva/semidx/internal/embed/embed.go:164.104,165.14 1 1
github.com/lgldsilva/semidx/internal/embed/embed.go:166.157,167.14 1 0
github.com/lgldsilva/semidx/internal/embed/embed.go:168.10,169.11 1 1
github.com/lgldsilva/semidx/internal/embed/ollama.go:45.52,57.2 1 1
github.com/lgldsilva/semidx/internal/embed/ollama.go:59.89,61.16 2 1
github.com/lgldsilva/semidx/internal/embed/ollama.go:61.16,63.3 1 0
github.com/lgldsilva/semidx/internal/embed/ollama.go:64.2,67.16 3 1
github.com/lgldsilva/semidx/internal/embed/ollama.go:67.16,69.3 1 1
github.com/lgldsilva/semidx/internal/embed/ollama.go:70.2,70.15 1 1
github.com/lgldsilva/semidx/internal/embed/ollama.go:70.15,70.40 1 1
github.com/lgldsilva/semidx/internal/embed/ollama.go:72.2,72.38 1 1
github.com/lgldsilva/semidx/internal/embed/ollama.go:72.38,75.3 2 1
github.com/lgldsilva/semidx/internal/embed/ollama.go:77.2,78.65 2 1
github.com/lgldsilva/semidx/internal/embed/ollama.go:78.65,80.3 1 1
github.com/lgldsilva/semidx/internal/embed/ollama.go:82.2,83.9 2 1
github.com/lgldsilva/semidx/internal/embed/ollama.go:84.51,85.13 1 1
github.com/lgldsilva/semidx/internal/embed/ollama.go:86.136,87.14 1 1
github.com/lgldsilva/semidx/internal/embed/ollama.go:90.2,90.49 1 1
github.com/lgldsilva/semidx/internal/embed/ollama.go:93.104,94.22 1 1
github.com/lgldsilva/semidx/internal/embed/ollama.go:94.22,96.3 1 1
github.com/lgldsilva/semidx/internal/embed/ollama.go:98.2,100.16 3 1
github.com/lgldsilva/semidx/internal/embed/ollama.go:100.16,102.3 1 0
github.com/lgldsilva/semidx/internal/embed/ollama.go:104.2,105.16 2 1
github.com/lgldsilva/semidx/internal/embed/ollama.go:105.16,107.3 1 0
github.com/lgldsilva/semidx/internal/embed/ollama.go:108.2,111.16 3 1
github.com/lgldsilva/semidx/internal/embed/ollama.go:111.16,113.3 1 1
github.com/lgldsilva/semidx/internal/embed/ollama.go:114.2,114.15 1 1
github.com/lgldsilva/semidx/internal/embed/ollama.go:114.15,114.40 1 1
github.com/lgldsilva/semidx/internal/embed/ollama.go:116.2,116.38 1 1
github.com/lgldsilva/semidx/internal/embed/ollama.go:116.38,119.3 2 1
github.com/lgldsilva/semidx/internal/embed/ollama.go:121.2,122.67 2 1
github.com/lgldsilva/semidx/internal/embed/ollama.go:122.67,124.3 1 1
github.com/lgldsilva/semidx/internal/embed/ollama.go:126.2,126.31 1 1
github.com/lgldsilva/semidx/internal/embed/ollama.go:129.96,131.16 2 1
github.com/lgldsilva/semidx/internal/embed/ollama.go:131.16,133.3 1 0
github.com/lgldsilva/semidx/internal/embed/ollama.go:134.2,134.26 1 1
github.com/lgldsilva/semidx/internal/embed/ollama.go:134.26,136.3 1 1
github.com/lgldsilva/semidx/internal/embed/ollama.go:137.2,137.27 1 1
github.com/lgldsilva/semidx/internal/embed/ollama.go:140.74,142.16 2 1
github.com/lgldsilva/semidx/internal/embed/ollama.go:142.16,144.3 1 0
github.com/lgldsilva/semidx/internal/embed/ollama.go:146.2,147.16 2 1
github.com/lgldsilva/semidx/internal/embed/ollama.go:147.16,149.3 1 1
github.com/lgldsilva/semidx/internal/embed/ollama.go:150.2,150.15 1 1
github.com/lgldsilva/semidx/internal/embed/ollama.go:150.15,150.40 1 1
github.com/lgldsilva/semidx/internal/embed/ollama.go:152.2,152.38 1 1
github.com/lgldsilva/semidx/internal/embed/ollama.go:152.38,154.3 1 1
github.com/lgldsilva/semidx/internal/embed/ollama.go:156.2,157.65 2 1
github.com/lgldsilva/semidx/internal/embed/ollama.go:157.65,159.3 1 1
github.com/lgldsilva/semidx/internal/embed/ollama.go:161.2,163.32 3 1
github.com/lgldsilva/semidx/internal/embed/ollama.go:163.32,165.40 2 1
github.com/lgldsilva/semidx/internal/embed/ollama.go:165.40,166.34 1 1
github.com/lgldsilva/semidx/internal/embed/ollama.go:166.34,168.10 2 1
github.com/lgldsilva/semidx/internal/embed/ollama.go:172.2,172.20 1 1
github.com/lgldsilva/semidx/internal/embed/openai.go:33.60,46.2 1 1
github.com/lgldsilva/semidx/internal/embed/openai.go:48.104,49.22 1 1
github.com/lgldsilva/semidx/internal/embed/openai.go:49.22,51.3 1 1
github.com/lgldsilva/semidx/internal/embed/openai.go:52.2,54.16 3 1
github.com/lgldsilva/semidx/internal/embed/openai.go:54.16,56.3 1 0
github.com/lgldsilva/semidx/internal/embed/openai.go:57.2,58.16 2 1
github.com/lgldsilva/semidx/internal/embed/openai.go:58.16,60.3 1 1
github.com/lgldsilva/semidx/internal/embed/openai.go:61.2,62.20 2 1
github.com/lgldsilva/semidx/internal/embed/openai.go:62.20,64.3 1 1
github.com/lgldsilva/semidx/internal/embed/openai.go:66.2,67.16 2 1
github.com/lgldsilva/semidx/internal/embed/openai.go:67.16,69.3 1 1
github.com/lgldsilva/semidx/internal/embed/openai.go:70.2,70.15 1 1
github.com/lgldsilva/semidx/internal/embed/openai.go:70.15,70.40 1 1
github.com/lgldsilva/semidx/internal/embed/openai.go:72.2,72.38 1 1
github.com/lgldsilva/semidx/internal/embed/openai.go:72.38,75.3 2 1
github.com/lgldsilva/semidx/internal/embed/openai.go:77.2,78.67 2 1
github.com/lgldsilva/semidx/internal/embed/openai.go:78.67,80.3 1 1
github.com/lgldsilva/semidx/internal/embed/openai.go:82.2,83.32 2 1
github.com/lgldsilva/semidx/internal/embed/openai.go:83.32,85.3 1 1
github.com/lgldsilva/semidx/internal/embed/openai.go:86.2,86.24 1 1
github.com/lgldsilva/semidx/internal/embed/openai.go:89.96,91.16 2 1
github.com/lgldsilva/semidx/internal/embed/openai.go:91.16,93.3 1 1
github.com/lgldsilva/semidx/internal/embed/openai.go:94.2,94.26 1 1
github.com/lgldsilva/semidx/internal/embed/openai.go:94.26,96.3 1 1
github.com/lgldsilva/semidx/internal/embed/openai.go:97.2,97.27 1 1
github.com/lgldsilva/semidx/internal/embed/openai.go:100.89,102.2 1 1
github.com/lgldsilva/semidx/internal/embed/openai.go:104.74,106.2 1 1
github.com/lgldsilva/semidx/internal/embed/parallel.go:32.64,34.2 1 1
github.com/lgldsilva/semidx/internal/embed/parallel.go:36.108,43.38 6 1
github.com/lgldsilva/semidx/internal/embed/parallel.go:43.38,47.3 1 1
github.com/lgldsilva/semidx/internal/embed/parallel.go:48.2,48.51 1 1
github.com/lgldsilva/semidx/internal/embed/parallel.go:51.100,54.38 3 1
github.com/lgldsilva/semidx/internal/embed/parallel.go:54.38,56.3 1 1
github.com/lgldsilva/semidx/internal/embed/parallel.go:58.2,58.38 1 1
github.com/lgldsilva/semidx/internal/embed/parallel.go:58.38,61.17 3 1
github.com/lgldsilva/semidx/internal/embed/parallel.go:61.17,63.4 1 1
github.com/lgldsilva/semidx/internal/embed/parallel.go:65.2,65.101 1 1
github.com/lgldsilva/semidx/internal/embed/parallel.go:68.126,70.38 2 1
github.com/lgldsilva/semidx/internal/embed/parallel.go:70.38,73.17 3 1
github.com/lgldsilva/semidx/internal/embed/parallel.go:73.17,75.4 1 1
github.com/lgldsilva/semidx/internal/embed/parallel.go:76.3,76.16 1 1
github.com/lgldsilva/semidx/internal/embed/parallel.go:78.2,78.105 1 1
github.com/lgldsilva/semidx/internal/embed/parallel.go:81.93,83.2 1 1
github.com/lgldsilva/semidx/internal/embed/parallel.go:85.78,87.2 1 1
github.com/lgldsilva/semidx/internal/embed/parallel.go:89.44,95.2 5 1
github.com/lgldsilva/semidx/internal/deadcode/deadcode.go:31.110,33.16 2 1
github.com/lgldsilva/semidx/internal/deadcode/deadcode.go:33.16,35.3 1 0
github.com/lgldsilva/semidx/internal/deadcode/deadcode.go:37.2,38.16 2 1
github.com/lgldsilva/semidx/internal/deadcode/deadcode.go:38.16,40.3 1 0
github.com/lgldsilva/semidx/internal/deadcode/deadcode.go:45.2,48.30 3 1
github.com/lgldsilva/semidx/internal/deadcode/deadcode.go:48.30,50.3 1 1
github.com/lgldsilva/semidx/internal/deadcode/deadcode.go:52.2,52.22 1 1
github.com/lgldsilva/semidx/internal/deadcode/deadcode.go:57.75,59.34 2 1
github.com/lgldsilva/semidx/internal/deadcode/deadcode.go:59.34,60.31 1 1
github.com/lgldsilva/semidx/internal/deadcode/deadcode.go:60.31,61.29 1 1
github.com/lgldsilva/semidx/internal/deadcode/deadcode.go:61.29,63.5 1 1
github.com/lgldsilva/semidx/internal/deadcode/deadcode.go:64.4,64.30 1 1
github.com/lgldsilva/semidx/internal/deadcode/deadcode.go:67.2,67.18 1 1
github.com/lgldsilva/semidx/internal/deadcode/deadcode.go:72.115,74.44 2 1
github.com/lgldsilva/semidx/internal/deadcode/deadcode.go:74.44,76.3 1 0
github.com/lgldsilva/semidx/internal/deadcode/deadcode.go:78.2,79.16 2 1
github.com/lgldsilva/semidx/internal/deadcode/deadcode.go:79.16,82.3 1 0
github.com/lgldsilva/semidx/internal/deadcode/deadcode.go:84.2,85.20 2 1
github.com/lgldsilva/semidx/internal/deadcode/deadcode.go:85.20,87.3 1 0
github.com/lgldsilva/semidx/internal/deadcode/deadcode.go:90.2,93.27 3 1
github.com/lgldsilva/semidx/internal/deadcode/deadcode.go:93.27,95.71 2 1
github.com/lgldsilva/semidx/internal/deadcode/deadcode.go:95.71,97.4 1 1
github.com/lgldsilva/semidx/internal/deadcode/deadcode.go:103.56,105.25 2 1
github.com/lgldsilva/semidx/internal/deadcode/deadcode.go:105.25,107.3 1 0
github.com/lgldsilva/semidx/internal/deadcode/deadcode.go:108.2,108.76 1 1
github.com/lgldsilva/semidx/internal/deadcode/deadcode.go:113.41,115.2 1 1
github.com/lgldsilva/semidx/internal/deadcode/deadcode.go:119.93,120.9 1 1
github.com/lgldsilva/semidx/internal/deadcode/deadcode.go:121.35,130.4 1 1
github.com/lgldsilva/semidx/internal/deadcode/deadcode.go:131.36,139.4 1 1
github.com/lgldsilva/semidx/internal/deadcode/deadcode.go:140.10,143.13 1 1
github.com/lgldsilva/semidx/internal/deadcode/deadcode.go:156.47,159.29 3 1
github.com/lgldsilva/semidx/internal/deadcode/deadcode.go:159.29,160.23 1 1
github.com/lgldsilva/semidx/internal/deadcode/deadcode.go:161.20,162.17 1 1
github.com/lgldsilva/semidx/internal/deadcode/deadcode.go:163.21,164.17 1 1
github.com/lgldsilva/semidx/internal/deadcode/deadcode.go:166.3,166.17 1 1
github.com/lgldsilva/semidx/internal/deadcode/deadcode.go:168.2,168.10 1 1
github.com/lgldsilva/semidx/internal/extract/agentsmd.go:15.13,17.2 1 1
github.com/lgldsilva/semidx/internal/extract/agentsmd.go:22.51,23.23 1 1
github.com/lgldsilva/semidx/internal/extract/agentsmd.go:23.23,25.3 1 1
github.com/lgldsilva/semidx/internal/extract/agentsmd.go:26.2,32.62 4 1
github.com/lgldsilva/semidx/internal/extract/agentsmd.go:32.62,36.17 4 1
github.com/lgldsilva/semidx/internal/extract/agentsmd.go:36.17,39.17 3 1
github.com/lgldsilva/semidx/internal/extract/agentsmd.go:39.17,41.5 1 0
github.com/lgldsilva/semidx/internal/extract/agentsmd.go:43.4,46.21 4 1
github.com/lgldsilva/semidx/internal/extract/agentsmd.go:51.2,51.60 1 1
github.com/lgldsilva/semidx/internal/extract/agentsmd.go:51.60,53.26 2 1
github.com/lgldsilva/semidx/internal/extract/agentsmd.go:53.26,58.4 4 1
github.com/lgldsilva/semidx/internal/extract/agentsmd.go:62.2,62.61 1 1
github.com/lgldsilva/semidx/internal/extract/agentsmd.go:62.61,64.24 2 1
github.com/lgldsilva/semidx/internal/extract/agentsmd.go:64.24,69.4 4 1
github.com/lgldsilva/semidx/internal/extract/agentsmd.go:72.2,72.17 1 1
github.com/lgldsilva/semidx/internal/extract/agentsmd.go:72.17,74.3 1 1
github.com/lgldsilva/semidx/internal/extract/agentsmd.go:75.2,76.24 2 1
github.com/lgldsilva/semidx/internal/extract/classfile.go:20.52,21.15 1 1
github.com/lgldsilva/semidx/internal/extract/classfile.go:21.15,22.31 1 1
github.com/lgldsilva/semidx/internal/extract/classfile.go:22.31,24.4 1 0
github.com/lgldsilva/semidx/internal/extract/classfile.go:27.2,28.26 2 1
github.com/lgldsilva/semidx/internal/extract/classfile.go:28.26,30.3 1 1
github.com/lgldsilva/semidx/internal/extract/classfile.go:31.2,34.16 4 1
github.com/lgldsilva/semidx/internal/extract/classfile.go:34.16,36.3 1 1
github.com/lgldsilva/semidx/internal/extract/classfile.go:38.2,39.9 2 1
github.com/lgldsilva/semidx/internal/extract/classfile.go:39.9,41.3 1 0
github.com/lgldsilva/semidx/internal/extract/classfile.go:43.2,45.18 3 1
github.com/lgldsilva/semidx/internal/extract/classfile.go:45.18,47.3 1 0
github.com/lgldsilva/semidx/internal/extract/classfile.go:49.2,49.71 1 1
github.com/lgldsilva/semidx/internal/extract/classfile.go:55.104,59.29 3 1
github.com/lgldsilva/semidx/internal/extract/classfile.go:59.29,60.19 1 1
github.com/lgldsilva/semidx/internal/extract/classfile.go:60.19,62.4 1 0
github.com/lgldsilva/semidx/internal/extract/classfile.go:63.3,64.13 2 1
github.com/lgldsilva/semidx/internal/extract/classfile.go:64.13,66.4 1 0
github.com/lgldsilva/semidx/internal/extract/classfile.go:67.3,67.14 1 1
github.com/lgldsilva/semidx/internal/extract/classfile.go:67.14,69.4 1 0
github.com/lgldsilva/semidx/internal/extract/classfile.go:71.2,71.34 1 1
github.com/lgldsilva/semidx/internal/extract/classfile.go:77.109,78.16 1 1
github.com/lgldsilva/semidx/internal/extract/classfile.go:79.9,81.22 2 1
github.com/lgldsilva/semidx/internal/extract/classfile.go:82.9,83.32 1 1
github.com/lgldsilva/semidx/internal/extract/classfile.go:84.21,85.9 1 1
github.com/lgldsilva/semidx/internal/extract/classfile.go:86.35,87.9 1 1
github.com/lgldsilva/semidx/internal/extract/classfile.go:88.12,91.20 3 0
github.com/lgldsilva/semidx/internal/extract/classfile.go:92.10,94.9 2 1
github.com/lgldsilva/semidx/internal/extract/classfile.go:95.10,96.22 1 0
github.com/lgldsilva/semidx/internal/extract/classfile.go:98.2,98.20 1 1
github.com/lgldsilva/semidx/internal/extract/classfile.go:104.102,106.43 2 1
github.com/lgldsilva/semidx/internal/extract/classfile.go:106.43,107.36 1 1
github.com/lgldsilva/semidx/internal/extract/classfile.go:107.36,110.4 2 1
github.com/lgldsilva/semidx/internal/extract/classfile.go:112.2,113.29 2 1
github.com/lgldsilva/semidx/internal/extract/classfile.go:113.29,115.49 2 1
github.com/lgldsilva/semidx/internal/extract/classfile.go:115.49,116.12 1 1
github.com/lgldsilva/semidx/internal/extract/classfile.go:118.3,120.20 3 1
github.com/lgldsilva/semidx/internal/extract/classfile.go:122.2,122.19 1 1
github.com/lgldsilva/semidx/internal/extract/classfile.go:127.38,128.40 1 1
github.com/lgldsilva/semidx/internal/extract/classfile.go:128.40,130.3 1 1
github.com/lgldsilva/semidx/internal/extract/classfile.go:131.2,131.14 1 1
github.com/lgldsilva/semidx/internal/extract/classfile.go:132.21,133.15 1 1
github.com/lgldsilva/semidx/internal/extract/classfile.go:135.2,135.13 1 1
github.com/lgldsilva/semidx/internal/extract/classfile.go:146.35,147.40 1 1
github.com/lgldsilva/semidx/internal/extract/classfile.go:147.40,150.3 2 1
github.com/lgldsilva/semidx/internal/extract/classfile.go:151.2,151.13 1 1
github.com/lgldsilva/semidx/internal/extract/classfile.go:154.28,155.16 1 1
github.com/lgldsilva/semidx/internal/extract/classfile.go:155.16,157.3 1 0
github.com/lgldsilva/semidx/internal/extract/classfile.go:158.2,160.10 3 1
github.com/lgldsilva/semidx/internal/extract/classfile.go:163.30,164.16 1 1
github.com/lgldsilva/semidx/internal/extract/classfile.go:164.16,166.3 1 1
github.com/lgldsilva/semidx/internal/extract/classfile.go:167.2,169.10 3 1
github.com/lgldsilva/semidx/internal/extract/classfile.go:172.30,173.16 1 1
github.com/lgldsilva/semidx/internal/extract/classfile.go:173.16,175.3 1 0
github.com/lgldsilva/semidx/internal/extract/classfile.go:176.2,178.10 3 1
github.com/lgldsilva/semidx/internal/extract/classfile.go:181.36,182.16 1 1
github.com/lgldsilva/semidx/internal/extract/classfile.go:182.16,184.3 1 0
github.com/lgldsilva/semidx/internal/extract/classfile.go:185.2,187.10 3 1
github.com/lgldsilva/semidx/internal/extract/crypto.go:24.39,25.45 1 1
github.com/lgldsilva/semidx/internal/extract/crypto.go:26.41,27.14 1 1
github.com/lgldsilva/semidx/internal/extract/crypto.go:29.2,29.14 1 1
github.com/lgldsilva/semidx/internal/extract/crypto.go:37.95,38.15 1 1
github.com/lgldsilva/semidx/internal/extract/crypto.go:38.15,39.31 1 1
github.com/lgldsilva/semidx/internal/extract/crypto.go:39.31,41.4 1 0
github.com/lgldsilva/semidx/internal/extract/crypto.go:44.2,45.13 2 1
github.com/lgldsilva/semidx/internal/extract/crypto.go:46.14,48.15 2 0
github.com/lgldsilva/semidx/internal/extract/crypto.go:48.15,50.4 1 0
github.com/lgldsilva/semidx/internal/extract/crypto.go:51.3,51.46 1 0
github.com/lgldsilva/semidx/internal/extract/crypto.go:53.33,54.27 1 1
github.com/lgldsilva/semidx/internal/extract/crypto.go:54.27,56.4 1 1
github.com/lgldsilva/semidx/internal/extract/crypto.go:61.3,62.34 2 1
github.com/lgldsilva/semidx/internal/extract/crypto.go:62.34,64.4 1 0
github.com/lgldsilva/semidx/internal/extract/crypto.go:65.3,68.10 4 1
github.com/lgldsilva/semidx/internal/extract/crypto.go:68.10,70.4 1 0
github.com/lgldsilva/semidx/internal/extract/crypto.go:71.3,72.15 2 1
github.com/lgldsilva/semidx/internal/extract/crypto.go:72.15,74.4 1 1
github.com/lgldsilva/semidx/internal/extract/crypto.go:75.3,75.46 1 1
github.com/lgldsilva/semidx/internal/extract/crypto.go:77.10,78.32 1 1
github.com/lgldsilva/semidx/internal/extract/crypto.go:85.75,87.90 2 0
github.com/lgldsilva/semidx/internal/extract/crypto.go:87.90,88.11 1 0
github.com/lgldsilva/semidx/internal/extract/crypto.go:88.11,90.4 1 0
github.com/lgldsilva/semidx/internal/extract/crypto.go:91.3,92.18 2 0
github.com/lgldsilva/semidx/internal/extract/crypto.go:94.2,94.9 1 0
github.com/lgldsilva/semidx/internal/extract/crypto.go:95.18,96.20 1 0
github.com/lgldsilva/semidx/internal/extract/crypto.go:97.46,98.30 1 0
github.com/lgldsilva/semidx/internal/extract/crypto.go:99.35,100.45 1 0
github.com/lgldsilva/semidx/internal/extract/crypto.go:101.10,102.64 1 0
github.com/lgldsilva/semidx/internal/extract/crypto.go:108.45,112.2 2 1
github.com/lgldsilva/semidx/internal/extract/crypto.go:116.72,121.71 5 0
github.com/lgldsilva/semidx/internal/extract/crypto.go:121.71,123.3 1 0
github.com/lgldsilva/semidx/internal/extract/crypto.go:124.2,124.32 1 0
github.com/lgldsilva/semidx/internal/extract/decompiler.go:23.34,25.19 2 1
github.com/lgldsilva/semidx/internal/extract/decompiler.go:25.19,27.3 1 1
github.com/lgldsilva/semidx/internal/extract/decompiler.go:28.2,28.31 1 1
github.com/lgldsilva/semidx/internal/extract/decompiler.go:34.61,36.16 2 1
github.com/lgldsilva/semidx/internal/extract/decompiler.go:36.16,38.3 1 0
github.com/lgldsilva/semidx/internal/extract/decompiler.go:39.2,39.15 1 1
github.com/lgldsilva/semidx/internal/extract/decompiler.go:39.15,39.42 1 1
github.com/lgldsilva/semidx/internal/extract/decompiler.go:40.2,40.42 1 1
github.com/lgldsilva/semidx/internal/extract/decompiler.go:40.42,43.3 2 0
github.com/lgldsilva/semidx/internal/extract/decompiler.go:44.2,48.22 4 1
github.com/lgldsilva/semidx/internal/extract/decompiler.go:48.22,50.3 1 0
github.com/lgldsilva/semidx/internal/extract/decompiler.go:56.2,57.16 2 1
github.com/lgldsilva/semidx/internal/extract/decompiler.go:57.16,59.3 1 1
github.com/lgldsilva/semidx/internal/extract/decompiler.go:60.2,64.33 5 1
github.com/lgldsilva/semidx/internal/extract/decompiler.go:64.33,66.3 1 0
github.com/lgldsilva/semidx/internal/extract/decompiler.go:67.2,67.26 1 1
github.com/lgldsilva/semidx/internal/extract/dockerfile.go:15.43,19.2 1 1
github.com/lgldsilva/semidx/internal/extract/dockerfile.go:21.13,23.2 1 1
github.com/lgldsilva/semidx/internal/extract/dockerfile.go:28.53,29.23 1 1
github.com/lgldsilva/semidx/internal/extract/dockerfile.go:29.23,31.3 1 1
github.com/lgldsilva/semidx/internal/extract/dockerfile.go:32.2,36.65 4 1
github.com/lgldsilva/semidx/internal/extract/dockerfile.go:36.65,37.34 1 1
github.com/lgldsilva/semidx/internal/extract/dockerfile.go:37.34,41.4 3 1
github.com/lgldsilva/semidx/internal/extract/dockerfile.go:44.2,44.17 1 1
github.com/lgldsilva/semidx/internal/extract/dockerfile.go:44.17,46.3 1 1
github.com/lgldsilva/semidx/internal/extract/dockerfile.go:47.2,48.24 2 1
github.com/lgldsilva/semidx/internal/extract/email.go:17.13,19.2 1 1
github.com/lgldsilva/semidx/internal/extract/email.go:34.46,35.30 1 1
github.com/lgldsilva/semidx/internal/extract/email.go:35.30,37.3 1 0
github.com/lgldsilva/semidx/internal/extract/email.go:39.2,40.16 2 1
github.com/lgldsilva/semidx/internal/extract/email.go:40.16,42.3 1 1
github.com/lgldsilva/semidx/internal/extract/email.go:44.2,45.48 2 1
github.com/lgldsilva/semidx/internal/extract/email.go:45.48,49.3 3 1
github.com/lgldsilva/semidx/internal/extract/email.go:50.2,50.42 1 1
github.com/lgldsilva/semidx/internal/extract/email.go:50.42,54.3 3 1
github.com/lgldsilva/semidx/internal/extract/email.go:55.2,55.57 1 1
github.com/lgldsilva/semidx/internal/extract/email.go:55.57,59.3 3 1
github.com/lgldsilva/semidx/internal/extract/email.go:60.2,60.48 1 1
github.com/lgldsilva/semidx/internal/extract/email.go:60.48,64.3 3 1
github.com/lgldsilva/semidx/internal/extract/email.go:66.2,67.16 2 1
github.com/lgldsilva/semidx/internal/extract/email.go:67.16,69.3 1 0
github.com/lgldsilva/semidx/internal/extract/email.go:71.2,72.16 2 1
github.com/lgldsilva/semidx/internal/extract/email.go:72.16,74.3 1 1
github.com/lgldsilva/semidx/internal/extract/email.go:75.2,75.33 1 1
github.com/lgldsilva/semidx/internal/extract/email.go:79.36,82.16 3 1
github.com/lgldsilva/semidx/internal/extract/email.go:82.16,84.3 1 0
github.com/lgldsilva/semidx/internal/extract/email.go:85.2,85.16 1 1
github.com/lgldsilva/semidx/internal/extract/email.go:91.72,93.23 2 1
github.com/lgldsilva/semidx/internal/extract/email.go:93.23,95.17 2 1
github.com/lgldsilva/semidx/internal/extract/email.go:95.17,97.4 1 0
github.com/lgldsilva/semidx/internal/extract/email.go:98.3,98.26 1 1
github.com/lgldsilva/semidx/internal/extract/email.go:101.2,102.16 2 1
github.com/lgldsilva/semidx/internal/extract/email.go:102.16,104.18 2 0
github.com/lgldsilva/semidx/internal/extract/email.go:104.18,106.4 1 0
github.com/lgldsilva/semidx/internal/extract/email.go:107.3,107.26 1 0
github.com/lgldsilva/semidx/internal/extract/email.go:110.2,110.48 1 1
github.com/lgldsilva/semidx/internal/extract/email.go:110.48,112.3 1 1
github.com/lgldsilva/semidx/internal/extract/email.go:115.2,116.46 2 1
github.com/lgldsilva/semidx/internal/extract/email.go:122.81,123.20 1 1
github.com/lgldsilva/semidx/internal/extract/email.go:123.20,125.3 1 0
github.com/lgldsilva/semidx/internal/extract/email.go:127.2,130.6 3 1
github.com/lgldsilva/semidx/internal/extract/email.go:130.6,132.20 2 1
github.com/lgldsilva/semidx/internal/extract/email.go:132.20,133.9 1 1
github.com/lgldsilva/semidx/internal/extract/email.go:135.3,135.17 1 1
github.com/lgldsilva/semidx/internal/extract/email.go:135.17,136.12 1 0
github.com/lgldsilva/semidx/internal/extract/email.go:138.3,138.57 1 1
github.com/lgldsilva/semidx/internal/extract/email.go:141.2,141.21 1 1
github.com/lgldsilva/semidx/internal/extract/email.go:141.21,143.3 1 1
github.com/lgldsilva/semidx/internal/extract/email.go:144.2,144.20 1 0
github.com/lgldsilva/semidx/internal/extract/email.go:144.20,146.3 1 0
github.com/lgldsilva/semidx/internal/extract/email.go:147.2,147.16 1 0
github.com/lgldsilva/semidx/internal/extract/email.go:150.83,153.17 3 1
github.com/lgldsilva/semidx/internal/extract/email.go:153.17,155.3 1 0
github.com/lgldsilva/semidx/internal/extract/email.go:157.2,157.48 1 1
github.com/lgldsilva/semidx/internal/extract/email.go:157.48,159.38 2 0
github.com/lgldsilva/semidx/internal/extract/email.go:159.38,161.4 1 0
github.com/lgldsilva/semidx/internal/extract/email.go:162.3,162.9 1 0
github.com/lgldsilva/semidx/internal/extract/email.go:165.2,166.65 2 1
github.com/lgldsilva/semidx/internal/extract/email.go:169.95,170.19 1 1
github.com/lgldsilva/semidx/internal/extract/email.go:171.20,172.23 1 1
github.com/lgldsilva/semidx/internal/extract/email.go:172.23,173.69 1 1
github.com/lgldsilva/semidx/internal/extract/email.go:173.69,175.5 1 1
github.com/lgldsilva/semidx/internal/extract/email.go:177.19,178.22 1 1
github.com/lgldsilva/semidx/internal/extract/email.go:178.22,179.69 1 1
github.com/lgldsilva/semidx/internal/extract/email.go:179.69,181.5 1 1
github.com/lgldsilva/semidx/internal/extract/email.go:188.74,190.49 2 1
github.com/lgldsilva/semidx/internal/extract/email.go:191.26,192.41 1 1
github.com/lgldsilva/semidx/internal/extract/email.go:193.16,194.76 1 1
github.com/lgldsilva/semidx/internal/extract/email.go:195.36,196.14 1 1
github.com/lgldsilva/semidx/internal/extract/email.go:197.10,198.14 1 0
github.com/lgldsilva/semidx/internal/extract/email.go:201.2,202.16 2 1
github.com/lgldsilva/semidx/internal/extract/email.go:202.16,204.3 1 0
github.com/lgldsilva/semidx/internal/extract/email.go:205.2,205.19 1 1
github.com/lgldsilva/semidx/internal/extract/email.go:205.19,207.3 1 0
github.com/lgldsilva/semidx/internal/extract/email.go:209.2,210.47 2 1
github.com/lgldsilva/semidx/internal/extract/email.go:210.47,212.18 2 1
github.com/lgldsilva/semidx/internal/extract/email.go:212.18,214.4 1 0
github.com/lgldsilva/semidx/internal/extract/email.go:214.9,216.4 1 1
github.com/lgldsilva/semidx/internal/extract/email.go:218.2,218.18 1 1
github.com/lgldsilva/semidx/internal/extract/email.go:227.55,230.16 3 1
github.com/lgldsilva/semidx/internal/extract/email.go:230.16,232.3 1 1
github.com/lgldsilva/semidx/internal/extract/email.go:233.2,234.29 2 1
github.com/lgldsilva/semidx/internal/extract/email.go:234.29,235.39 1 1
github.com/lgldsilva/semidx/internal/extract/email.go:235.39,238.4 2 1
github.com/lgldsilva/semidx/internal/extract/email.go:240.2,240.15 1 1
github.com/lgldsilva/semidx/internal/extract/email.go:245.37,250.22 5 0
github.com/lgldsilva/semidx/internal/extract/email.go:250.22,251.10 1 0
github.com/lgldsilva/semidx/internal/extract/email.go:252.14,253.16 1 0
github.com/lgldsilva/semidx/internal/extract/email.go:253.16,255.5 1 0
github.com/lgldsilva/semidx/internal/extract/email.go:256.17,257.16 1 0
github.com/lgldsilva/semidx/internal/extract/email.go:257.16,261.48 4 0
github.com/lgldsilva/semidx/internal/extract/email.go:261.48,263.6 1 0
github.com/lgldsilva/semidx/internal/extract/email.go:264.5,264.13 1 0
github.com/lgldsilva/semidx/internal/extract/email.go:266.4,266.26 1 0
github.com/lgldsilva/semidx/internal/extract/email.go:267.17,268.16 1 0
github.com/lgldsilva/semidx/internal/extract/email.go:269.17,271.21 2 0
github.com/lgldsilva/semidx/internal/extract/email.go:272.11,273.18 1 0
github.com/lgldsilva/semidx/internal/extract/email.go:276.2,276.54 1 0
github.com/lgldsilva/semidx/internal/extract/extract.go:47.38,49.2 1 1
github.com/lgldsilva/semidx/internal/extract/extract.go:88.41,91.29 3 1
github.com/lgldsilva/semidx/internal/extract/extract.go:91.29,92.54 1 1
github.com/lgldsilva/semidx/internal/extract/extract.go:94.2,94.17 1 1
github.com/lgldsilva/semidx/internal/extract/extract.go:102.64,112.12 7 1
github.com/lgldsilva/semidx/internal/extract/extract.go:112.12,113.16 1 1
github.com/lgldsilva/semidx/internal/extract/extract.go:113.16,114.32 1 1
github.com/lgldsilva/semidx/internal/extract/extract.go:114.32,116.5 1 0
github.com/lgldsilva/semidx/internal/extract/extract.go:118.3,118.22 1 1
github.com/lgldsilva/semidx/internal/extract/extract.go:121.2,121.12 1 1
github.com/lgldsilva/semidx/internal/extract/extract.go:121.12,123.3 1 1
github.com/lgldsilva/semidx/internal/extract/extract.go:127.2,127.15 1 1
github.com/lgldsilva/semidx/internal/extract/extract.go:127.15,128.31 1 1
github.com/lgldsilva/semidx/internal/extract/extract.go:128.31,130.4 1 0
github.com/lgldsilva/semidx/internal/extract/extract.go:133.2,133.21 1 1
github.com/lgldsilva/semidx/internal/extract/extract.go:139.34,140.29 1 1
github.com/lgldsilva/semidx/internal/extract/extract.go:140.29,142.3 1 1
github.com/lgldsilva/semidx/internal/extract/extract.go:143.2,149.11 6 1
github.com/lgldsilva/semidx/internal/extract/extract.go:149.11,151.3 1 1
github.com/lgldsilva/semidx/internal/extract/extract.go:152.2,152.22 1 1
github.com/lgldsilva/semidx/internal/extract/extract.go:152.22,154.3 1 1
github.com/lgldsilva/semidx/internal/extract/extract.go:155.2,155.15 1 1
github.com/lgldsilva/semidx/internal/extract/extract.go:161.47,162.23 1 1
github.com/lgldsilva/semidx/internal/extract/extract.go:162.23,164.3 1 1
github.com/lgldsilva/semidx/internal/extract/extract.go:165.2,165.26 1 1
github.com/lgldsilva/semidx/internal/extract/extract.go:170.47,172.16 2 1
github.com/lgldsilva/semidx/internal/extract/extract.go:172.16,174.3 1 0
github.com/lgldsilva/semidx/internal/extract/extract.go:176.2,179.39 3 1
github.com/lgldsilva/semidx/internal/extract/extract.go:185.53,186.59 1 1
github.com/lgldsilva/semidx/internal/extract/extract.go:186.59,188.3 1 1
github.com/lgldsilva/semidx/internal/extract/extract.go:189.2,189.29 1 1
github.com/lgldsilva/semidx/internal/extract/extract.go:189.29,190.52 1 1
github.com/lgldsilva/semidx/internal/extract/extract.go:190.52,193.4 2 1
github.com/lgldsilva/semidx/internal/extract/extract.go:195.2,195.53 1 1
github.com/lgldsilva/semidx/internal/extract/extract.go:195.53,197.3 1 1
github.com/lgldsilva/semidx/internal/extract/extract.go:199.2,199.58 1 1
github.com/lgldsilva/semidx/internal/extract/extract.go:199.58,201.3 1 1
github.com/lgldsilva/semidx/internal/extract/extract.go:206.39,207.13 1 1
github.com/lgldsilva/semidx/internal/extract/extract.go:208.45,209.14 1 1
github.com/lgldsilva/semidx/internal/extract/extract.go:210.10,211.15 1 1
github.com/lgldsilva/semidx/internal/extract/extract.go:217.38,218.13 1 1
github.com/lgldsilva/semidx/internal/extract/extract.go:221.29,222.14 1 1
github.com/lgldsilva/semidx/internal/extract/extract.go:223.10,224.15 1 1
github.com/lgldsilva/semidx/internal/extract/extract.go:232.46,234.16 2 1
github.com/lgldsilva/semidx/internal/extract/extract.go:234.16,235.26 1 1
github.com/lgldsilva/semidx/internal/extract/extract.go:235.26,237.4 1 1
github.com/lgldsilva/semidx/internal/extract/extract.go:238.3,238.54 1 1
github.com/lgldsilva/semidx/internal/extract/extract.go:240.2,240.19 1 1
github.com/lgldsilva/semidx/internal/extract/extract.go:245.45,247.16 2 1
github.com/lgldsilva/semidx/internal/extract/extract.go:247.16,248.26 1 0
github.com/lgldsilva/semidx/internal/extract/extract.go:248.26,250.4 1 0
github.com/lgldsilva/semidx/internal/extract/extract.go:251.3,251.59 1 0
github.com/lgldsilva/semidx/internal/extract/extract.go:253.2,254.43 2 1
github.com/lgldsilva/semidx/internal/extract/extract.go:254.43,256.3 1 0
github.com/lgldsilva/semidx/internal/extract/extract.go:257.2,257.39 1 1
github.com/lgldsilva/semidx/internal/extract/extract.go:265.37,266.44 1 1
github.com/lgldsilva/semidx/internal/extract/extract.go:266.44,268.3 1 1
github.com/lgldsilva/semidx/internal/extract/extract.go:269.2,269.66 1 1
github.com/lgldsilva/semidx/internal/extract/extract.go:275.47,276.25 1 1
github.com/lgldsilva/semidx/internal/extract/extract.go:276.25,278.3 1 1
github.com/lgldsilva/semidx/internal/extract/extract.go:280.2,281.16 2 1
github.com/lgldsilva/semidx/internal/extract/extract.go:281.16,283.3 1 1
github.com/lgldsilva/semidx/internal/extract/extract.go:285.2,286.19 2 1
github.com/lgldsilva/semidx/internal/extract/extract.go:286.19,288.3 1 1
github.com/lgldsilva/semidx/internal/extract/extract.go:290.2,291.16 2 1
github.com/lgldsilva/semidx/internal/extract/extract.go:291.16,293.3 1 0
github.com/lgldsilva/semidx/internal/extract/extract.go:294.2,294.15 1 1
github.com/lgldsilva/semidx/internal/extract/extract.go:294.15,294.33 1 1
github.com/lgldsilva/semidx/internal/extract/extract.go:296.2,296.26 1 1
github.com/lgldsilva/semidx/internal/extract/extract.go:305.50,308.6 3 1
github.com/lgldsilva/semidx/internal/extract/extract.go:308.6,310.20 2 1
github.com/lgldsilva/semidx/internal/extract/extract.go:310.20,311.9 1 1
github.com/lgldsilva/semidx/internal/extract/extract.go:313.3,313.17 1 1
github.com/lgldsilva/semidx/internal/extract/extract.go:313.17,315.4 1 0
github.com/lgldsilva/semidx/internal/extract/extract.go:316.3,316.26 1 1
github.com/lgldsilva/semidx/internal/extract/extract.go:317.25,318.53 1 1
github.com/lgldsilva/semidx/internal/extract/extract.go:318.53,320.5 1 0
github.com/lgldsilva/semidx/internal/extract/extract.go:321.23,322.37 1 1
github.com/lgldsilva/semidx/internal/extract/extract.go:322.37,324.5 1 1
github.com/lgldsilva/semidx/internal/extract/extract.go:327.2,327.39 1 1
github.com/lgldsilva/semidx/internal/extract/extract.go:332.85,333.22 1 1
github.com/lgldsilva/semidx/internal/extract/extract.go:334.11,336.51 2 1
github.com/lgldsilva/semidx/internal/extract/extract.go:336.51,338.4 1 0
github.com/lgldsilva/semidx/internal/extract/extract.go:339.3,339.19 1 1
github.com/lgldsilva/semidx/internal/extract/extract.go:340.13,341.20 1 1
github.com/lgldsilva/semidx/internal/extract/extract.go:342.18,343.20 1 1
github.com/lgldsilva/semidx/internal/extract/extract.go:345.2,345.12 1 1
github.com/lgldsilva/semidx/internal/extract/extract.go:350.40,352.2 1 1
github.com/lgldsilva/semidx/internal/extract/extract.go:356.47,357.25 1 1
github.com/lgldsilva/semidx/internal/extract/extract.go:357.25,359.3 1 1
github.com/lgldsilva/semidx/internal/extract/extract.go:361.2,362.16 2 1
github.com/lgldsilva/semidx/internal/extract/extract.go:362.16,364.3 1 1
github.com/lgldsilva/semidx/internal/extract/extract.go:365.2,365.15 1 1
github.com/lgldsilva/semidx/internal/extract/extract.go:365.15,365.32 1 1
github.com/lgldsilva/semidx/internal/extract/extract.go:367.2,368.41 2 1
github.com/lgldsilva/semidx/internal/extract/extract.go:368.41,370.17 2 1
github.com/lgldsilva/semidx/internal/extract/extract.go:370.17,372.4 1 0
github.com/lgldsilva/semidx/internal/extract/extract.go:373.3,376.28 4 1
github.com/lgldsilva/semidx/internal/extract/extract.go:376.28,379.4 2 1
github.com/lgldsilva/semidx/internal/extract/extract.go:380.3,380.20 1 1
github.com/lgldsilva/semidx/internal/extract/extract.go:383.2,383.39 1 1
github.com/lgldsilva/semidx/internal/extract/extract.go:387.54,388.28 1 1
github.com/lgldsilva/semidx/internal/extract/extract.go:388.28,389.21 1 1
github.com/lgldsilva/semidx/internal/extract/extract.go:389.21,391.4 1 1
github.com/lgldsilva/semidx/internal/extract/extract.go:393.2,393.12 1 1
github.com/lgldsilva/semidx/internal/extract/extract.go:399.37,403.29 4 1
github.com/lgldsilva/semidx/internal/extract/extract.go:403.29,405.17 2 1
github.com/lgldsilva/semidx/internal/extract/extract.go:405.17,407.17 2 1
github.com/lgldsilva/semidx/internal/extract/extract.go:407.17,408.13 1 1
github.com/lgldsilva/semidx/internal/extract/extract.go:410.9,412.4 1 1
github.com/lgldsilva/semidx/internal/extract/extract.go:413.3,413.26 1 1
github.com/lgldsilva/semidx/internal/extract/extract.go:415.2,415.51 1 1
github.com/lgldsilva/semidx/internal/extract/formats.go:25.47,26.25 1 1
github.com/lgldsilva/semidx/internal/extract/formats.go:26.25,28.3 1 1
github.com/lgldsilva/semidx/internal/extract/formats.go:29.2,30.16 2 1
github.com/lgldsilva/semidx/internal/extract/formats.go:30.16,32.3 1 0
github.com/lgldsilva/semidx/internal/extract/formats.go:33.2,34.28 2 1
github.com/lgldsilva/semidx/internal/extract/formats.go:34.28,35.89 1 1
github.com/lgldsilva/semidx/internal/extract/formats.go:35.89,37.4 1 1
github.com/lgldsilva/semidx/internal/extract/formats.go:39.2,39.41 1 1
github.com/lgldsilva/semidx/internal/extract/formats.go:39.41,39.109 1 1
github.com/lgldsilva/semidx/internal/extract/formats.go:41.2,42.27 2 1
github.com/lgldsilva/semidx/internal/extract/formats.go:42.27,44.17 2 1
github.com/lgldsilva/semidx/internal/extract/formats.go:44.17,46.4 1 0
github.com/lgldsilva/semidx/internal/extract/formats.go:47.3,49.18 3 1
github.com/lgldsilva/semidx/internal/extract/formats.go:49.18,51.4 1 0
github.com/lgldsilva/semidx/internal/extract/formats.go:52.3,52.17 1 1
github.com/lgldsilva/semidx/internal/extract/formats.go:52.17,55.4 2 1
github.com/lgldsilva/semidx/internal/extract/formats.go:57.2,57.39 1 1
github.com/lgldsilva/semidx/internal/extract/formats.go:62.35,66.16 4 1
github.com/lgldsilva/semidx/internal/extract/formats.go:66.16,68.3 1 0
github.com/lgldsilva/semidx/internal/extract/formats.go:69.2,69.10 1 1
github.com/lgldsilva/semidx/internal/extract/formats.go:75.55,77.16 2 1
github.com/lgldsilva/semidx/internal/extract/formats.go:77.16,79.3 1 0
github.com/lgldsilva/semidx/internal/extract/formats.go:82.2,83.20 2 1
github.com/lgldsilva/semidx/internal/extract/formats.go:83.20,85.3 1 1
github.com/lgldsilva/semidx/internal/extract/formats.go:86.2,87.16 2 1
github.com/lgldsilva/semidx/internal/extract/formats.go:87.16,89.3 1 0
github.com/lgldsilva/semidx/internal/extract/formats.go:90.2,90.15 1 1
github.com/lgldsilva/semidx/internal/extract/formats.go:90.15,90.33 1 1
github.com/lgldsilva/semidx/internal/extract/formats.go:92.2,92.25 1 1
github.com/lgldsilva/semidx/internal/extract/formats.go:98.49,101.6 3 1
github.com/lgldsilva/semidx/internal/extract/formats.go:101.6,103.20 2 1
github.com/lgldsilva/semidx/internal/extract/formats.go:103.20,104.9 1 1
github.com/lgldsilva/semidx/internal/extract/formats.go:106.3,106.17 1 1
github.com/lgldsilva/semidx/internal/extract/formats.go:106.17,108.4 1 0
github.com/lgldsilva/semidx/internal/extract/formats.go:109.3,109.26 1 1
github.com/lgldsilva/semidx/internal/extract/formats.go:110.21,111.14 1 1
github.com/lgldsilva/semidx/internal/extract/formats.go:112.25,113.29 1 1
github.com/lgldsilva/semidx/internal/extract/formats.go:113.29,115.5 1 0
github.com/lgldsilva/semidx/internal/extract/formats.go:116.23,117.36 1 1
github.com/lgldsilva/semidx/internal/extract/formats.go:117.36,119.5 1 1
github.com/lgldsilva/semidx/internal/extract/formats.go:122.2,122.39 1 1
github.com/lgldsilva/semidx/internal/extract/formats.go:126.39,127.14 1 1
github.com/lgldsilva/semidx/internal/extract/formats.go:128.42,129.14 1 1
github.com/lgldsilva/semidx/internal/extract/formats.go:130.10,131.15 1 1
github.com/lgldsilva/semidx/internal/extract/formats.go:138.47,140.16 2 1
github.com/lgldsilva/semidx/internal/extract/formats.go:140.16,142.3 1 0
github.com/lgldsilva/semidx/internal/extract/formats.go:143.2,144.28 2 1
github.com/lgldsilva/semidx/internal/extract/formats.go:144.28,145.44 1 1
github.com/lgldsilva/semidx/internal/extract/formats.go:146.34,147.26 1 1
github.com/lgldsilva/semidx/internal/extract/formats.go:150.2,150.39 1 1
github.com/lgldsilva/semidx/internal/extract/formats.go:150.39,150.77 1 1
github.com/lgldsilva/semidx/internal/extract/formats.go:152.2,153.25 2 1
github.com/lgldsilva/semidx/internal/extract/formats.go:153.25,155.17 2 1
github.com/lgldsilva/semidx/internal/extract/formats.go:155.17,157.4 1 0
github.com/lgldsilva/semidx/internal/extract/formats.go:158.3,160.18 3 1
github.com/lgldsilva/semidx/internal/extract/formats.go:160.18,162.4 1 0
github.com/lgldsilva/semidx/internal/extract/formats.go:163.3,164.18 2 1
github.com/lgldsilva/semidx/internal/extract/formats.go:164.18,165.12 1 0
github.com/lgldsilva/semidx/internal/extract/formats.go:167.3,167.17 1 1
github.com/lgldsilva/semidx/internal/extract/formats.go:167.17,170.4 2 1
github.com/lgldsilva/semidx/internal/extract/formats.go:172.2,172.39 1 1
github.com/lgldsilva/semidx/internal/extract/formats.go:178.48,185.50 2 1
github.com/lgldsilva/semidx/internal/extract/formats.go:185.50,187.3 1 1
github.com/lgldsilva/semidx/internal/extract/formats.go:188.2,189.29 2 1
github.com/lgldsilva/semidx/internal/extract/formats.go:189.29,190.55 1 1
github.com/lgldsilva/semidx/internal/extract/formats.go:190.55,191.12 1 1
github.com/lgldsilva/semidx/internal/extract/formats.go:193.3,194.17 2 1
github.com/lgldsilva/semidx/internal/extract/formats.go:194.17,196.4 1 0
github.com/lgldsilva/semidx/internal/extract/formats.go:197.3,197.35 1 1
github.com/lgldsilva/semidx/internal/extract/formats.go:197.35,198.12 1 0
github.com/lgldsilva/semidx/internal/extract/formats.go:200.3,201.24 2 1
github.com/lgldsilva/semidx/internal/extract/formats.go:203.2,203.39 1 1
github.com/lgldsilva/semidx/internal/extract/formats.go:208.64,209.19 1 1
github.com/lgldsilva/semidx/internal/extract/formats.go:209.19,211.3 1 0
github.com/lgldsilva/semidx/internal/extract/formats.go:212.2,213.52 2 1
github.com/lgldsilva/semidx/internal/extract/formats.go:213.52,215.3 1 1
github.com/lgldsilva/semidx/internal/extract/formats.go:216.2,217.48 2 1
github.com/lgldsilva/semidx/internal/extract/formats.go:217.48,219.3 1 1
github.com/lgldsilva/semidx/internal/extract/formats.go:220.2,220.50 1 1
github.com/lgldsilva/semidx/internal/extract/formats.go:228.46,229.62 1 1
github.com/lgldsilva/semidx/internal/extract/formats.go:229.62,231.3 1 1
github.com/lgldsilva/semidx/internal/extract/formats.go:232.2,233.23 2 1
github.com/lgldsilva/semidx/internal/extract/formats.go:248.36,249.21 1 1
github.com/lgldsilva/semidx/internal/extract/formats.go:249.21,250.27 1 1
github.com/lgldsilva/semidx/internal/extract/formats.go:251.12,253.9 2 1
github.com/lgldsilva/semidx/internal/extract/formats.go:254.12,255.18 1 1
github.com/lgldsilva/semidx/internal/extract/formats.go:256.13,257.20 1 1
github.com/lgldsilva/semidx/internal/extract/formats.go:258.19,259.9 1 0
github.com/lgldsilva/semidx/internal/extract/formats.go:260.11,261.20 1 1
github.com/lgldsilva/semidx/internal/extract/formats.go:261.20,263.5 1 1
github.com/lgldsilva/semidx/internal/extract/formats.go:264.4,264.9 1 1
github.com/lgldsilva/semidx/internal/extract/formats.go:267.2,267.36 1 1
github.com/lgldsilva/semidx/internal/extract/formats.go:272.34,273.42 1 1
github.com/lgldsilva/semidx/internal/extract/formats.go:273.42,275.3 1 1
[...]
github.com/lgldsilva/semidx/internal/webadmin/handlers.go:100.2,100.88 1 1
github.com/lgldsilva/semidx/internal/webadmin/handlers.go:100.88,104.3 3 1
github.com/lgldsilva/semidx/internal/webadmin/handlers.go:105.2,107.53 3 1
github.com/lgldsilva/semidx/internal/webadmin/handlers.go:110.77,111.82 1 1
github.com/lgldsilva/semidx/internal/webadmin/handlers.go:111.82,113.3 1 0
github.com/lgldsilva/semidx/internal/webadmin/handlers.go:114.2,115.58 2 1
github.com/lgldsilva/semidx/internal/webadmin/handlers.go:120.80,123.16 3 1
github.com/lgldsilva/semidx/internal/webadmin/handlers.go:123.16,125.3 1 1
github.com/lgldsilva/semidx/internal/webadmin/handlers.go:126.2,126.103 1 1
github.com/lgldsilva/semidx/internal/webadmin/handlers.go:146.81,149.19 3 1
github.com/lgldsilva/semidx/internal/webadmin/handlers.go:149.19,152.3 2 1
github.com/lgldsilva/semidx/internal/webadmin/handlers.go:153.2,153.39 1 1
github.com/lgldsilva/semidx/internal/webadmin/handlers.go:153.39,157.3 3 1
github.com/lgldsilva/semidx/internal/webadmin/handlers.go:158.2,160.28 3 1
github.com/lgldsilva/semidx/internal/webadmin/handlers.go:163.57,165.65 2 1
github.com/lgldsilva/semidx/internal/webadmin/handlers.go:165.65,166.66 1 1
github.com/lgldsilva/semidx/internal/webadmin/handlers.go:166.66,168.4 1 1
github.com/lgldsilva/semidx/internal/webadmin/handlers.go:170.2,177.17 4 1
github.com/lgldsilva/semidx/internal/webadmin/handlers.go:177.17,179.3 1 1
github.com/lgldsilva/semidx/internal/webadmin/handlers.go:179.8,181.3 1 1
github.com/lgldsilva/semidx/internal/webadmin/handlers.go:182.2,182.16 1 1
github.com/lgldsilva/semidx/internal/webadmin/handlers.go:185.92,186.19 1 1
github.com/lgldsilva/semidx/internal/webadmin/handlers.go:186.19,187.59 1 1
github.com/lgldsilva/semidx/internal/webadmin/handlers.go:187.59,189.4 1 1
github.com/lgldsilva/semidx/internal/webadmin/handlers.go:190.3,190.9 1 1
github.com/lgldsilva/semidx/internal/webadmin/handlers.go:192.2,193.16 2 1
github.com/lgldsilva/semidx/internal/webadmin/handlers.go:193.16,194.40 1 1
github.com/lgldsilva/semidx/internal/webadmin/handlers.go:194.40,196.4 1 1
github.com/lgldsilva/semidx/internal/webadmin/handlers.go:196.9,198.4 1 1
github.com/lgldsilva/semidx/internal/webadmin/handlers.go:199.3,199.9 1 1
github.com/lgldsilva/semidx/internal/webadmin/handlers.go:201.2,203.35 3 1
github.com/lgldsilva/semidx/internal/webadmin/handlers.go:203.35,205.3 1 1
github.com/lgldsilva/semidx/internal/webadmin/handlers.go:210.87,212.16 2 1
github.com/lgldsilva/semidx/internal/webadmin/handlers.go:212.16,215.3 2 1
github.com/lgldsilva/semidx/internal/webadmin/handlers.go:216.2,217.24 2 1
github.com/lgldsilva/semidx/internal/webadmin/handlers.go:217.24,219.3 1 1
github.com/lgldsilva/semidx/internal/webadmin/handlers.go:220.2,222.16 3 1
github.com/lgldsilva/semidx/internal/webadmin/handlers.go:222.16,224.3 1 1
github.com/lgldsilva/semidx/internal/webadmin/handlers.go:225.2,227.12 3 1
github.com/lgldsilva/semidx/internal/webadmin/handlers.go:230.141,233.32 3 1
github.com/lgldsilva/semidx/internal/webadmin/handlers.go:233.32,235.26 2 1
github.com/lgldsilva/semidx/internal/webadmin/handlers.go:235.26,237.4 1 1
github.com/lgldsilva/semidx/internal/webadmin/handlers.go:237.9,239.4 1 1
github.com/lgldsilva/semidx/internal/webadmin/handlers.go:240.3,241.18 2 1
github.com/lgldsilva/semidx/internal/webadmin/handlers.go:241.18,242.42 1 1
github.com/lgldsilva/semidx/internal/webadmin/handlers.go:242.42,243.13 1 1
github.com/lgldsilva/semidx/internal/webadmin/handlers.go:245.4,245.27 1 1
github.com/lgldsilva/semidx/internal/webadmin/handlers.go:247.3,247.20 1 1
github.com/lgldsilva/semidx/internal/webadmin/handlers.go:247.20,249.4 1 1
github.com/lgldsilva/semidx/internal/webadmin/handlers.go:250.3,250.36 1 1
github.com/lgldsilva/semidx/internal/webadmin/handlers.go:250.36,252.4 1 1
github.com/lgldsilva/semidx/internal/webadmin/handlers.go:254.2,254.41 1 1
github.com/lgldsilva/semidx/internal/webadmin/handlers.go:254.41,254.85 1 1
github.com/lgldsilva/semidx/internal/webadmin/handlers.go:255.2,255.24 1 1
github.com/lgldsilva/semidx/internal/webadmin/handlers.go:255.24,257.3 1 1
github.com/lgldsilva/semidx/internal/webadmin/handlers.go:258.2,258.30 1 1
github.com/lgldsilva/semidx/internal/webadmin/handlers.go:270.82,273.16 3 1
github.com/lgldsilva/semidx/internal/webadmin/handlers.go:273.16,279.3 5 1
github.com/lgldsilva/semidx/internal/webadmin/handlers.go:280.2,281.29 2 1
github.com/lgldsilva/semidx/internal/webadmin/handlers.go:281.29,286.3 1 1
github.com/lgldsilva/semidx/internal/webadmin/handlers.go:287.2,287.18 1 1
github.com/lgldsilva/semidx/internal/webadmin/handlers.go:287.18,289.3 1 0
github.com/lgldsilva/semidx/internal/webadmin/handlers.go:290.2,291.66 2 1
github.com/lgldsilva/semidx/internal/webadmin/handlers.go:301.79,303.2 1 1
github.com/lgldsilva/semidx/internal/webadmin/handlers.go:305.111,307.16 2 1
github.com/lgldsilva/semidx/internal/webadmin/handlers.go:307.16,310.3 2 1
github.com/lgldsilva/semidx/internal/webadmin/handlers.go:311.2,314.4 1 1
github.com/lgldsilva/semidx/internal/webadmin/handlers.go:317.81,319.16 2 1
github.com/lgldsilva/semidx/internal/webadmin/handlers.go:319.16,322.3 2 1
github.com/lgldsilva/semidx/internal/webadmin/handlers.go:323.2,324.16 2 1
github.com/lgldsilva/semidx/internal/webadmin/handlers.go:324.16,327.3 2 1
github.com/lgldsilva/semidx/internal/webadmin/handlers.go:328.2,329.16 2 1
github.com/lgldsilva/semidx/internal/webadmin/handlers.go:329.16,332.3 2 0
github.com/lgldsilva/semidx/internal/webadmin/handlers.go:333.2,333.96 1 1
github.com/lgldsilva/semidx/internal/webadmin/handlers.go:333.96,337.3 3 1
github.com/lgldsilva/semidx/internal/webadmin/handlers.go:338.2,338.96 1 1
github.com/lgldsilva/semidx/internal/webadmin/handlers.go:341.81,343.16 2 1
github.com/lgldsilva/semidx/internal/webadmin/handlers.go:343.16,346.3 2 1
github.com/lgldsilva/semidx/internal/webadmin/handlers.go:347.2,347.70 1 1
github.com/lgldsilva/semidx/internal/webadmin/handlers.go:348.41,349.50 1 1
github.com/lgldsilva/semidx/internal/webadmin/handlers.go:350.18,352.57 2 1
github.com/lgldsilva/semidx/internal/webadmin/handlers.go:353.10,354.49 1 1
github.com/lgldsilva/semidx/internal/webadmin/handlers.go:360.82,362.2 1 1
github.com/lgldsilva/semidx/internal/webadmin/handlers.go:364.92,367.39 3 1
github.com/lgldsilva/semidx/internal/webadmin/handlers.go:367.39,369.3 1 1
github.com/lgldsilva/semidx/internal/webadmin/handlers.go:370.2,370.64 1 1
github.com/lgldsilva/semidx/internal/webadmin/handlers.go:370.64,373.3 2 1
github.com/lgldsilva/semidx/internal/webadmin/handlers.go:374.2,374.19 1 1
github.com/lgldsilva/semidx/internal/webadmin/handlers.go:374.19,377.3 2 1
github.com/lgldsilva/semidx/internal/webadmin/handlers.go:378.2,379.16 2 1
github.com/lgldsilva/semidx/internal/webadmin/handlers.go:379.16,382.3 2 0
github.com/lgldsilva/semidx/internal/webadmin/handlers.go:383.2,383.79 1 1
github.com/lgldsilva/semidx/internal/webadmin/handlers.go:383.79,387.3 3 1
github.com/lgldsilva/semidx/internal/webadmin/handlers.go:388.2,388.33 1 1
github.com/lgldsilva/semidx/internal/webadmin/handlers.go:393.80,395.2 1 1
github.com/lgldsilva/semidx/internal/webadmin/handlers.go:397.104,400.16 3 1
github.com/lgldsilva/semidx/internal/webadmin/handlers.go:400.16,403.3 2 1
github.com/lgldsilva/semidx/internal/webadmin/handlers.go:404.2,404.120 1 1
github.com/lgldsilva/semidx/internal/webadmin/handlers.go:407.82,411.21 4 1
github.com/lgldsilva/semidx/internal/webadmin/handlers.go:411.21,413.3 1 1
github.com/lgldsilva/semidx/internal/webadmin/handlers.go:414.2,414.41 1 1
github.com/lgldsilva/semidx/internal/webadmin/handlers.go:414.41,417.3 2 1
github.com/lgldsilva/semidx/internal/webadmin/handlers.go:418.2,419.16 2 1
github.com/lgldsilva/semidx/internal/webadmin/handlers.go:419.16,422.3 2 0
github.com/lgldsilva/semidx/internal/webadmin/handlers.go:423.2,423.74 1 1
github.com/lgldsilva/semidx/internal/webadmin/handlers.go:424.43,425.70 1 1
github.com/lgldsilva/semidx/internal/webadmin/handlers.go:426.18,428.55 2 1
github.com/lgldsilva/semidx/internal/webadmin/handlers.go:429.10,430.60 1 1
github.com/lgldsilva/semidx/internal/webadmin/handlers.go:434.83,436.16 2 1
github.com/lgldsilva/semidx/internal/webadmin/handlers.go:436.16,439.3 2 1
github.com/lgldsilva/semidx/internal/webadmin/handlers.go:440.2,440.22 1 1
github.com/lgldsilva/semidx/internal/webadmin/handlers.go:440.22,443.3 2 1
github.com/lgldsilva/semidx/internal/webadmin/handlers.go:444.2,445.68 2 1
github.com/lgldsilva/semidx/internal/webadmin/handlers.go:446.41,447.48 1 1
github.com/lgldsilva/semidx/internal/webadmin/handlers.go:448.18,450.55 2 1
github.com/lgldsilva/semidx/internal/webadmin/handlers.go:451.10,452.47 1 1
github.com/lgldsilva/semidx/internal/webadmin/listparams.go:10.59,13.15 3 1
github.com/lgldsilva/semidx/internal/webadmin/listparams.go:13.15,15.3 1 1
github.com/lgldsilva/semidx/internal/webadmin/listparams.go:16.2,16.16 1 1
github.com/lgldsilva/semidx/internal/webadmin/listparams.go:16.16,18.3 1 1
github.com/lgldsilva/semidx/internal/webadmin/listparams.go:19.2,19.31 1 1
github.com/lgldsilva/semidx/internal/webadmin/listparams.go:19.31,21.3 1 1
github.com/lgldsilva/semidx/internal/webadmin/listparams.go:22.2,22.22 1 1
github.com/lgldsilva/semidx/internal/webadmin/scopes.go:15.46,16.20 1 1
github.com/lgldsilva/semidx/internal/webadmin/scopes.go:16.20,18.3 1 1
github.com/lgldsilva/semidx/internal/webadmin/scopes.go:19.2,19.13 1 1
github.com/lgldsilva/semidx/internal/webadmin/scopes.go:24.57,25.27 1 1
github.com/lgldsilva/semidx/internal/webadmin/scopes.go:25.27,26.22 1 1
github.com/lgldsilva/semidx/internal/webadmin/scopes.go:26.22,28.4 1 1
github.com/lgldsilva/semidx/internal/webadmin/scopes.go:30.2,30.50 1 1
github.com/lgldsilva/semidx/internal/webadmin/scopes.go:30.50,32.3 1 1
github.com/lgldsilva/semidx/internal/webadmin/scopes.go:33.2,33.12 1 1
github.com/lgldsilva/semidx/internal/webadmin/scopes.go:37.67,39.53 2 1
github.com/lgldsilva/semidx/internal/webadmin/scopes.go:39.53,41.3 1 1
github.com/lgldsilva/semidx/internal/webadmin/scopes.go:42.2,42.20 1 1
github.com/lgldsilva/semidx/internal/webadmin/tokens.go:20.81,22.2 1 1
github.com/lgldsilva/semidx/internal/webadmin/tokens.go:24.115,26.18 2 1
github.com/lgldsilva/semidx/internal/webadmin/tokens.go:26.18,28.17 2 1
github.com/lgldsilva/semidx/internal/webadmin/tokens.go:28.17,31.4 2 1
github.com/lgldsilva/semidx/internal/webadmin/tokens.go:32.3,32.20 1 1
github.com/lgldsilva/semidx/internal/webadmin/tokens.go:34.2,36.4 1 1
github.com/lgldsilva/semidx/internal/webadmin/tokens.go:39.83,40.18 1 1
github.com/lgldsilva/semidx/internal/webadmin/tokens.go:40.18,43.3 2 1
github.com/lgldsilva/semidx/internal/webadmin/tokens.go:44.2,45.16 2 1
github.com/lgldsilva/semidx/internal/webadmin/tokens.go:45.16,48.3 2 1
github.com/lgldsilva/semidx/internal/webadmin/tokens.go:49.2,50.16 2 1
github.com/lgldsilva/semidx/internal/webadmin/tokens.go:50.16,53.3 2 1
github.com/lgldsilva/semidx/internal/webadmin/tokens.go:55.2,57.16 3 1
github.com/lgldsilva/semidx/internal/webadmin/tokens.go:57.16,61.3 3 0
github.com/lgldsilva/semidx/internal/webadmin/tokens.go:62.2,62.119 1 1
github.com/lgldsilva/semidx/internal/webadmin/tokens.go:62.119,66.3 3 1
github.com/lgldsilva/semidx/internal/webadmin/tokens.go:67.2,67.111 1 1
github.com/lgldsilva/semidx/internal/webadmin/tokens.go:70.83,72.16 2 1
github.com/lgldsilva/semidx/internal/webadmin/tokens.go:72.16,75.3 2 1
github.com/lgldsilva/semidx/internal/webadmin/tokens.go:76.2,76.70 1 1
github.com/lgldsilva/semidx/internal/webadmin/tokens.go:77.41,78.54 1 1
github.com/lgldsilva/semidx/internal/webadmin/tokens.go:79.18,81.61 2 1
github.com/lgldsilva/semidx/internal/webadmin/tokens.go:82.10,83.61 1 1
github.com/lgldsilva/semidx/internal/webadmin/tokens.go:89.43,91.26 2 1
github.com/lgldsilva/semidx/internal/webadmin/tokens.go:91.26,93.3 1 1
github.com/lgldsilva/semidx/internal/webadmin/tokens.go:94.2,94.42 1 1
github.com/lgldsilva/semidx/internal/webadmin/tokens.go:97.46,98.23 1 1
github.com/lgldsilva/semidx/internal/webadmin/tokens.go:98.23,99.16 1 1
github.com/lgldsilva/semidx/internal/webadmin/tokens.go:99.16,101.4 1 1
github.com/lgldsilva/semidx/internal/webadmin/tokens.go:103.2,103.14 1 1
github.com/lgldsilva/semidx/internal/webadmin/webadmin.go:54.143,55.16 1 1
github.com/lgldsilva/semidx/internal/webadmin/webadmin.go:55.16,57.3 1 1
github.com/lgldsilva/semidx/internal/webadmin/webadmin.go:58.2,59.39 1 1
github.com/lgldsilva/semidx/internal/webadmin/webadmin.go:59.39,60.18 1 1
github.com/lgldsilva/semidx/internal/webadmin/webadmin.go:60.18,62.5 1 0
github.com/lgldsilva/semidx/internal/webadmin/webadmin.go:63.4,63.39 1 1
github.com/lgldsilva/semidx/internal/webadmin/webadmin.go:66.2,66.16 1 1
github.com/lgldsilva/semidx/internal/webadmin/webadmin.go:66.16,68.3 1 0
github.com/lgldsilva/semidx/internal/webadmin/webadmin.go:69.2,70.22 2 1
github.com/lgldsilva/semidx/internal/webadmin/webadmin.go:70.22,73.17 3 0
github.com/lgldsilva/semidx/internal/webadmin/webadmin.go:73.17,75.4 1 0
github.com/lgldsilva/semidx/internal/webadmin/webadmin.go:76.8,78.43 2 1
github.com/lgldsilva/semidx/internal/webadmin/webadmin.go:78.43,80.4 1 0
github.com/lgldsilva/semidx/internal/webadmin/webadmin.go:82.2,93.8 3 1
github.com/lgldsilva/semidx/internal/webadmin/webadmin.go:97.40,117.2 19 1
github.com/lgldsilva/semidx/internal/webadmin/webadmin.go:130.73,131.54 1 1
github.com/lgldsilva/semidx/internal/webadmin/webadmin.go:131.54,133.17 2 1
github.com/lgldsilva/semidx/internal/webadmin/webadmin.go:133.17,136.4 2 1
github.com/lgldsilva/semidx/internal/webadmin/webadmin.go:137.3,138.40 2 1
github.com/lgldsilva/semidx/internal/webadmin/webadmin.go:138.40,142.4 3 1
github.com/lgldsilva/semidx/internal/webadmin/webadmin.go:143.3,143.17 1 1
github.com/lgldsilva/semidx/internal/webadmin/webadmin.go:143.17,147.4 3 1
github.com/lgldsilva/semidx/internal/webadmin/webadmin.go:148.3,150.64 2 1
github.com/lgldsilva/semidx/internal/webadmin/webadmin.go:150.64,151.27 1 1
github.com/lgldsilva/semidx/internal/webadmin/webadmin.go:151.27,154.5 2 1
github.com/lgldsilva/semidx/internal/webadmin/webadmin.go:156.3,156.46 1 1
github.com/lgldsilva/semidx/internal/webadmin/webadmin.go:156.46,159.4 2 1
github.com/lgldsilva/semidx/internal/webadmin/webadmin.go:160.3,160.15 1 1
github.com/lgldsilva/semidx/internal/webadmin/webadmin.go:170.95,181.2 1 1
github.com/lgldsilva/semidx/internal/webadmin/webadmin.go:183.88,185.2 1 1
github.com/lgldsilva/semidx/internal/webadmin/webadmin.go:187.53,189.2 1 1
github.com/lgldsilva/semidx/internal/webadmin/webadmin.go:191.71,193.2 1 1
github.com/lgldsilva/semidx/internal/webadmin/webadmin.go:196.60,198.40 2 1
github.com/lgldsilva/semidx/internal/webadmin/webadmin.go:198.40,200.3 1 0
github.com/lgldsilva/semidx/internal/webadmin/webadmin.go:201.2,202.45 2 1
github.com/lgldsilva/semidx/internal/webadmin/webadmin.go:205.33,208.2 2 1
github.com/lgldsilva/semidx/internal/webadmin/webadmin.go:212.61,214.40 2 1
github.com/lgldsilva/semidx/internal/webadmin/webadmin.go:214.40,216.3 1 0
github.com/lgldsilva/semidx/internal/webadmin/webadmin.go:217.2,218.45 2 1
github.com/lgldsilva/semidx/internal/webadmin/webadmin.go:223.59,227.2 3 1
github.com/lgldsilva/semidx/internal/webadmin/webadmin.go:229.62,232.2 2 1
github.com/lgldsilva/semidx/internal/webadmin/webadmin.go:242.64,247.2 4 1
github.com/lgldsilva/semidx/internal/webadmin/webadmin.go:249.58,253.2 3 1
github.com/lgldsilva/semidx/internal/webadmin/webadmin.go:255.42,259.2 3 1
github.com/lgldsilva/semidx/internal/webadmin/webadmin.go:262.31,263.6 1 1
github.com/lgldsilva/semidx/internal/webadmin/webadmin.go:263.6,268.35 5 1
github.com/lgldsilva/semidx/internal/webadmin/webadmin.go:268.35,270.28 2 0
github.com/lgldsilva/semidx/internal/webadmin/webadmin.go:270.28,271.24 1 0
github.com/lgldsilva/semidx/internal/webadmin/webadmin.go:271.24,273.11 2 0
github.com/lgldsilva/semidx/internal/webadmin/webadmin.go:276.4,276.16 1 0
github.com/lgldsilva/semidx/internal/webadmin/webadmin.go:276.16,278.5 1 0
github.com/lgldsilva/semidx/internal/webadmin/webadmin.go:280.3,280.16 1 0
github.com/lgldsilva/semidx/internal/webadmin/webadmin.go:284.58,286.23 2 1
github.com/lgldsilva/semidx/internal/webadmin/webadmin.go:286.23,287.22 1 1
github.com/lgldsilva/semidx/internal/webadmin/webadmin.go:287.22,289.4 1 1
github.com/lgldsilva/semidx/internal/webadmin/webadmin.go:291.2,291.13 1 1
github.com/lgldsilva/semidx/internal/webadmin/webadmin.go:297.45,297.67 1 1
github.com/lgldsilva/semidx/internal/analyzer/analyzer.go:108.21,110.33 2 1
github.com/lgldsilva/semidx/internal/analyzer/analyzer.go:110.33,113.17 3 1
github.com/lgldsilva/semidx/internal/analyzer/analyzer.go:113.17,114.68 1 0
github.com/lgldsilva/semidx/internal/analyzer/analyzer.go:116.3,116.62 1 1
github.com/lgldsilva/semidx/internal/analyzer/analyzer.go:122.49,125.2 2 1
github.com/lgldsilva/semidx/internal/analyzer/analyzer.go:130.52,131.23 1 1
github.com/lgldsilva/semidx/internal/analyzer/analyzer.go:131.23,133.3 1 1
github.com/lgldsilva/semidx/internal/analyzer/analyzer.go:134.2,136.15 3 1
github.com/lgldsilva/semidx/internal/analyzer/analyzer.go:136.15,138.3 1 1
github.com/lgldsilva/semidx/internal/analyzer/analyzer.go:139.2,139.29 1 1
github.com/lgldsilva/semidx/internal/analyzer/analyzer.go:144.62,147.31 3 1
github.com/lgldsilva/semidx/internal/analyzer/analyzer.go:147.31,149.3 1 0
github.com/lgldsilva/semidx/internal/analyzer/analyzer.go:150.2,153.17 3 1
github.com/lgldsilva/semidx/internal/analyzer/analyzer.go:153.17,155.3 1 0
github.com/lgldsilva/semidx/internal/analyzer/analyzer.go:157.2,159.6 3 1
github.com/lgldsilva/semidx/internal/analyzer/analyzer.go:159.6,161.10 2 1
github.com/lgldsilva/semidx/internal/analyzer/analyzer.go:161.10,162.9 1 1
github.com/lgldsilva/semidx/internal/analyzer/analyzer.go:164.3,165.34 2 1
github.com/lgldsilva/semidx/internal/analyzer/analyzer.go:165.34,166.20 1 1
github.com/lgldsilva/semidx/internal/analyzer/analyzer.go:167.16,168.24 1 1
github.com/lgldsilva/semidx/internal/analyzer/analyzer.go:169.16,170.24 1 1
github.com/lgldsilva/semidx/internal/analyzer/analyzer.go:173.3,173.41 1 1
github.com/lgldsilva/semidx/internal/analyzer/analyzer.go:173.41,174.12 1 0
github.com/lgldsilva/semidx/internal/analyzer/analyzer.go:176.3,181.5 1 1
github.com/lgldsilva/semidx/internal/analyzer/analyzer.go:183.2,183.24 1 1
github.com/lgldsilva/semidx/internal/analyzer/analyzer.go:187.41,188.12 1 1
github.com/lgldsilva/semidx/internal/analyzer/analyzer.go:189.30,190.16 1 1
github.com/lgldsilva/semidx/internal/analyzer/analyzer.go:191.49,192.18 1 1
github.com/lgldsilva/semidx/internal/analyzer/analyzer.go:193.19,194.16 1 1
github.com/lgldsilva/semidx/internal/analyzer/analyzer.go:195.27,196.17 1 1
github.com/lgldsilva/semidx/internal/analyzer/analyzer.go:197.31,198.21 1 1
github.com/lgldsilva/semidx/internal/analyzer/analyzer.go:199.26,200.16 1 1
github.com/lgldsilva/semidx/internal/analyzer/analyzer.go:201.28,202.18 1 0
github.com/lgldsilva/semidx/internal/analyzer/analyzer.go:203.29,204.16 1 1
github.com/lgldsilva/semidx/internal/analyzer/analyzer.go:205.26,206.17 1 1
github.com/lgldsilva/semidx/internal/analyzer/analyzer.go:207.15,208.17 1 1
github.com/lgldsilva/semidx/internal/analyzer/analyzer.go:209.10,210.12 1 0
github.com/lgldsilva/semidx/internal/analyzer/util.go:3.40,4.23 1 1
github.com/lgldsilva/semidx/internal/analyzer/util.go:4.23,6.3 1 1
github.com/lgldsilva/semidx/internal/analyzer/util.go:7.2,9.28 3 1
github.com/lgldsilva/semidx/internal/analyzer/util.go:9.28,10.19 1 1
github.com/lgldsilva/semidx/internal/analyzer/util.go:10.19,11.12 1 1
github.com/lgldsilva/semidx/internal/analyzer/util.go:13.3,13.20 1 1
github.com/lgldsilva/semidx/internal/analyzer/util.go:13.20,16.4 2 1
github.com/lgldsilva/semidx/internal/analyzer/util.go:18.2,18.22 1 1
github.com/lgldsilva/semidx/internal/analyzer/util.go:18.22,20.3 1 0
github.com/lgldsilva/semidx/internal/analyzer/util.go:21.2,21.15 1 1
