mode: set
github.com/lgldsilva/semidx/internal/indexing/indexer.go:130.95,131.22 1 1
github.com/lgldsilva/semidx/internal/indexing/indexer.go:131.22,133.3 1 1
github.com/lgldsilva/semidx/internal/indexing/indexer.go:134.2,134.29 1 1
github.com/lgldsilva/semidx/internal/indexing/indexer.go:134.29,136.3 1 1
github.com/lgldsilva/semidx/internal/indexing/indexer.go:137.2,137.26 1 1
github.com/lgldsilva/semidx/internal/indexing/indexer.go:137.26,139.3 1 1
github.com/lgldsilva/semidx/internal/indexing/indexer.go:140.2,140.31 1 1
github.com/lgldsilva/semidx/internal/indexing/indexer.go:140.31,142.3 1 1
github.com/lgldsilva/semidx/internal/indexing/indexer.go:143.2,143.24 1 1
github.com/lgldsilva/semidx/internal/indexing/indexer.go:143.24,145.3 1 1
github.com/lgldsilva/semidx/internal/indexing/indexer.go:146.2,146.341 1 1
github.com/lgldsilva/semidx/internal/indexing/indexer.go:152.53,155.2 2 1
github.com/lgldsilva/semidx/internal/indexing/indexer.go:161.87,164.13 3 0
github.com/lgldsilva/semidx/internal/indexing/indexer.go:164.13,166.17 2 0
github.com/lgldsilva/semidx/internal/indexing/indexer.go:166.17,169.4 2 0
github.com/lgldsilva/semidx/internal/indexing/indexer.go:169.9,171.4 1 0
github.com/lgldsilva/semidx/internal/indexing/indexer.go:173.2,173.12 1 0
github.com/lgldsilva/semidx/internal/indexing/indexer.go:180.59,183.2 2 1
github.com/lgldsilva/semidx/internal/indexing/indexer.go:189.132,195.26 4 1
github.com/lgldsilva/semidx/internal/indexing/indexer.go:195.26,197.3 1 1
github.com/lgldsilva/semidx/internal/indexing/indexer.go:199.2,200.16 2 1
github.com/lgldsilva/semidx/internal/indexing/indexer.go:200.16,202.3 1 0
github.com/lgldsilva/semidx/internal/indexing/indexer.go:203.2,213.29 4 1
github.com/lgldsilva/semidx/internal/indexing/indexer.go:213.29,214.23 1 1
github.com/lgldsilva/semidx/internal/indexing/indexer.go:214.23,215.9 1 0
github.com/lgldsilva/semidx/internal/indexing/indexer.go:217.3,218.21 2 1
github.com/lgldsilva/semidx/internal/indexing/indexer.go:218.21,219.24 1 1
github.com/lgldsilva/semidx/internal/indexing/indexer.go:219.24,221.5 1 1
github.com/lgldsilva/semidx/internal/indexing/indexer.go:222.4,238.14 9 1
github.com/lgldsilva/semidx/internal/indexing/indexer.go:241.2,243.34 2 1
github.com/lgldsilva/semidx/internal/indexing/indexer.go:243.34,245.3 1 1
github.com/lgldsilva/semidx/internal/indexing/indexer.go:247.2,248.19 2 1
github.com/lgldsilva/semidx/internal/indexing/indexer.go:253.127,255.20 2 1
github.com/lgldsilva/semidx/internal/indexing/indexer.go:255.20,257.3 1 0
github.com/lgldsilva/semidx/internal/indexing/indexer.go:258.2,258.27 1 1
github.com/lgldsilva/semidx/internal/indexing/indexer.go:258.27,260.36 2 0
github.com/lgldsilva/semidx/internal/indexing/indexer.go:260.36,262.4 1 0
github.com/lgldsilva/semidx/internal/indexing/indexer.go:263.3,263.20 1 0
github.com/lgldsilva/semidx/internal/indexing/indexer.go:265.2,265.41 1 1
github.com/lgldsilva/semidx/internal/indexing/indexer.go:270.147,271.24 1 1
github.com/lgldsilva/semidx/internal/indexing/indexer.go:271.24,273.3 1 1
github.com/lgldsilva/semidx/internal/indexing/indexer.go:275.2,275.17 1 1
github.com/lgldsilva/semidx/internal/indexing/indexer.go:275.17,276.81 1 1
github.com/lgldsilva/semidx/internal/indexing/indexer.go:276.81,279.4 2 1
github.com/lgldsilva/semidx/internal/indexing/indexer.go:282.2,282.71 1 1
github.com/lgldsilva/semidx/internal/indexing/indexer.go:282.71,283.79 1 1
github.com/lgldsilva/semidx/internal/indexing/indexer.go:283.79,285.4 1 0
github.com/lgldsilva/semidx/internal/indexing/indexer.go:288.2,288.76 1 1
github.com/lgldsilva/semidx/internal/indexing/indexer.go:288.76,290.3 1 0
github.com/lgldsilva/semidx/internal/indexing/indexer.go:295.105,297.9 2 1
github.com/lgldsilva/semidx/internal/indexing/indexer.go:298.20,300.57 2 1
github.com/lgldsilva/semidx/internal/indexing/indexer.go:301.35,305.93 1 1
github.com/lgldsilva/semidx/internal/indexing/indexer.go:305.93,308.4 1 1
github.com/lgldsilva/semidx/internal/indexing/indexer.go:308.9,310.4 1 1
github.com/lgldsilva/semidx/internal/indexing/indexer.go:311.3,311.23 1 1
github.com/lgldsilva/semidx/internal/indexing/indexer.go:312.44,313.23 1 1
github.com/lgldsilva/semidx/internal/indexing/indexer.go:314.37,316.59 2 1
github.com/lgldsilva/semidx/internal/indexing/indexer.go:320.2,320.28 1 1
github.com/lgldsilva/semidx/internal/indexing/indexer.go:320.28,322.3 1 1
github.com/lgldsilva/semidx/internal/indexing/indexer.go:328.100,329.88 1 1
github.com/lgldsilva/semidx/internal/indexing/indexer.go:329.88,332.3 2 1
github.com/lgldsilva/semidx/internal/indexing/indexer.go:333.2,333.73 1 1
github.com/lgldsilva/semidx/internal/indexing/indexer.go:333.73,335.3 1 1
github.com/lgldsilva/semidx/internal/indexing/indexer.go:340.68,342.89 2 1
github.com/lgldsilva/semidx/internal/indexing/indexer.go:342.89,343.17 1 1
github.com/lgldsilva/semidx/internal/indexing/indexer.go:343.17,345.4 1 0
github.com/lgldsilva/semidx/internal/indexing/indexer.go:346.3,346.16 1 1
github.com/lgldsilva/semidx/internal/indexing/indexer.go:346.16,347.38 1 1
github.com/lgldsilva/semidx/internal/indexing/indexer.go:347.38,349.5 1 1
github.com/lgldsilva/semidx/internal/indexing/indexer.go:350.4,350.14 1 1
github.com/lgldsilva/semidx/internal/indexing/indexer.go:352.3,353.57 2 1
github.com/lgldsilva/semidx/internal/indexing/indexer.go:353.57,355.4 1 1
github.com/lgldsilva/semidx/internal/indexing/indexer.go:356.3,356.13 1 1
github.com/lgldsilva/semidx/internal/indexing/indexer.go:358.2,358.16 1 1
github.com/lgldsilva/semidx/internal/indexing/indexer.go:358.16,360.3 1 0
github.com/lgldsilva/semidx/internal/indexing/indexer.go:361.2,361.43 1 1
github.com/lgldsilva/semidx/internal/indexing/indexer.go:361.43,363.3 1 1
github.com/lgldsilva/semidx/internal/indexing/indexer.go:364.2,364.19 1 1
github.com/lgldsilva/semidx/internal/indexing/indexer.go:371.173,373.16 2 1
github.com/lgldsilva/semidx/internal/indexing/indexer.go:373.16,375.3 1 1
github.com/lgldsilva/semidx/internal/indexing/indexer.go:376.2,378.16 3 1
github.com/lgldsilva/semidx/internal/indexing/indexer.go:378.16,380.3 1 0
github.com/lgldsilva/semidx/internal/indexing/indexer.go:381.2,381.62 1 1
github.com/lgldsilva/semidx/internal/indexing/indexer.go:386.118,389.2 2 1
github.com/lgldsilva/semidx/internal/indexing/indexer.go:403.159,405.16 2 0
github.com/lgldsilva/semidx/internal/indexing/indexer.go:405.16,407.3 1 0
github.com/lgldsilva/semidx/internal/indexing/indexer.go:408.2,410.16 3 0
github.com/lgldsilva/semidx/internal/indexing/indexer.go:410.16,412.3 1 0
github.com/lgldsilva/semidx/internal/indexing/indexer.go:414.2,415.9 2 0
github.com/lgldsilva/semidx/internal/indexing/indexer.go:416.86,417.25 1 0
github.com/lgldsilva/semidx/internal/indexing/indexer.go:418.18,419.25 1 0
github.com/lgldsilva/semidx/internal/indexing/indexer.go:421.2,421.25 1 0
github.com/lgldsilva/semidx/internal/indexing/indexer.go:421.25,423.15 2 0
github.com/lgldsilva/semidx/internal/indexing/indexer.go:423.15,425.4 1 0
github.com/lgldsilva/semidx/internal/indexing/indexer.go:426.3,426.14 1 0
github.com/lgldsilva/semidx/internal/indexing/indexer.go:426.14,428.4 1 0
github.com/lgldsilva/semidx/internal/indexing/indexer.go:430.2,430.25 1 0
github.com/lgldsilva/semidx/internal/indexing/indexer.go:437.186,438.50 1 1
github.com/lgldsilva/semidx/internal/indexing/indexer.go:438.50,440.3 1 1
github.com/lgldsilva/semidx/internal/indexing/indexer.go:441.2,441.36 1 1
github.com/lgldsilva/semidx/internal/indexing/indexer.go:441.36,443.3 1 1
github.com/lgldsilva/semidx/internal/indexing/indexer.go:445.2,445.28 1 1
github.com/lgldsilva/semidx/internal/indexing/indexer.go:445.28,447.3 1 1
github.com/lgldsilva/semidx/internal/indexing/indexer.go:449.2,450.13 2 1
github.com/lgldsilva/semidx/internal/indexing/indexer.go:450.13,452.3 1 1
github.com/lgldsilva/semidx/internal/indexing/indexer.go:453.2,453.26 1 1
github.com/lgldsilva/semidx/internal/indexing/indexer.go:460.188,462.9 2 1
github.com/lgldsilva/semidx/internal/indexing/indexer.go:463.44,466.34 1 1
github.com/lgldsilva/semidx/internal/indexing/indexer.go:466.34,468.4 1 1
github.com/lgldsilva/semidx/internal/indexing/indexer.go:469.3,469.45 1 0
github.com/lgldsilva/semidx/internal/indexing/indexer.go:470.18,471.45 1 1
github.com/lgldsilva/semidx/internal/indexing/indexer.go:473.2,474.25 2 1
github.com/lgldsilva/semidx/internal/indexing/indexer.go:474.25,476.15 2 1
github.com/lgldsilva/semidx/internal/indexing/indexer.go:476.15,478.4 1 1
github.com/lgldsilva/semidx/internal/indexing/indexer.go:479.3,481.14 3 1
github.com/lgldsilva/semidx/internal/indexing/indexer.go:481.14,483.4 1 1
github.com/lgldsilva/semidx/internal/indexing/indexer.go:484.3,484.37 1 1
github.com/lgldsilva/semidx/internal/indexing/indexer.go:486.2,486.47 1 1
github.com/lgldsilva/semidx/internal/indexing/indexer.go:492.55,493.11 1 1
github.com/lgldsilva/semidx/internal/indexing/indexer.go:494.22,495.24 1 1
github.com/lgldsilva/semidx/internal/indexing/indexer.go:496.31,497.32 1 1
github.com/lgldsilva/semidx/internal/indexing/indexer.go:497.32,499.4 1 1
github.com/lgldsilva/semidx/internal/indexing/indexer.go:501.2,501.16 1 1
github.com/lgldsilva/semidx/internal/indexing/indexer.go:506.175,507.50 1 1
github.com/lgldsilva/semidx/internal/indexing/indexer.go:507.50,509.3 1 0
github.com/lgldsilva/semidx/internal/indexing/indexer.go:510.2,513.103 2 1
github.com/lgldsilva/semidx/internal/indexing/indexer.go:513.103,515.3 1 1
github.com/lgldsilva/semidx/internal/indexing/indexer.go:517.2,518.16 2 1
github.com/lgldsilva/semidx/internal/indexing/indexer.go:518.16,520.3 1 1
github.com/lgldsilva/semidx/internal/indexing/indexer.go:522.2,523.22 2 1
github.com/lgldsilva/semidx/internal/indexing/indexer.go:523.22,525.3 1 0
github.com/lgldsilva/semidx/internal/indexing/indexer.go:526.2,526.40 1 1
github.com/lgldsilva/semidx/internal/indexing/indexer.go:526.40,528.3 1 1
github.com/lgldsilva/semidx/internal/indexing/indexer.go:531.2,533.81 2 1
github.com/lgldsilva/semidx/internal/indexing/indexer.go:533.81,535.3 1 1
github.com/lgldsilva/semidx/internal/indexing/indexer.go:537.2,537.85 1 1
github.com/lgldsilva/semidx/internal/indexing/indexer.go:537.85,539.3 1 1
github.com/lgldsilva/semidx/internal/indexing/indexer.go:541.2,542.40 2 1
github.com/lgldsilva/semidx/internal/indexing/indexer.go:542.40,544.3 1 1
github.com/lgldsilva/semidx/internal/indexing/indexer.go:548.2,549.56 2 1
github.com/lgldsilva/semidx/internal/indexing/indexer.go:549.56,551.24 2 0
github.com/lgldsilva/semidx/internal/indexing/indexer.go:551.24,554.4 2 0
github.com/lgldsilva/semidx/internal/indexing/indexer.go:557.2,566.16 2 1
github.com/lgldsilva/semidx/internal/indexing/indexer.go:566.16,568.3 1 1
github.com/lgldsilva/semidx/internal/indexing/indexer.go:569.2,569.53 1 1
github.com/lgldsilva/semidx/internal/indexing/indexer.go:589.113,592.21 1 1
github.com/lgldsilva/semidx/internal/indexing/indexer.go:592.21,593.101 1 1
github.com/lgldsilva/semidx/internal/indexing/indexer.go:593.101,595.4 1 1
github.com/lgldsilva/semidx/internal/indexing/indexer.go:596.3,596.31 1 1
github.com/lgldsilva/semidx/internal/indexing/indexer.go:604.2,606.17 3 1
github.com/lgldsilva/semidx/internal/indexing/indexer.go:606.17,608.70 2 1
github.com/lgldsilva/semidx/internal/indexing/indexer.go:608.70,609.102 1 1
github.com/lgldsilva/semidx/internal/indexing/indexer.go:609.102,611.5 1 1
github.com/lgldsilva/semidx/internal/indexing/indexer.go:612.4,613.32 2 1
github.com/lgldsilva/semidx/internal/indexing/indexer.go:615.3,615.22 1 1
github.com/lgldsilva/semidx/internal/indexing/indexer.go:618.2,619.31 2 1
github.com/lgldsilva/semidx/internal/indexing/indexer.go:624.75,626.27 2 1
github.com/lgldsilva/semidx/internal/indexing/indexer.go:626.27,628.26 2 1
github.com/lgldsilva/semidx/internal/indexing/indexer.go:628.26,629.60 1 1
github.com/lgldsilva/semidx/internal/indexing/indexer.go:629.60,631.5 1 1
github.com/lgldsilva/semidx/internal/indexing/indexer.go:633.3,633.26 1 1
github.com/lgldsilva/semidx/internal/indexing/indexer.go:633.26,635.4 1 0
github.com/lgldsilva/semidx/internal/indexing/indexer.go:636.3,636.25 1 1
github.com/lgldsilva/semidx/internal/indexing/indexer.go:636.25,638.4 1 1
github.com/lgldsilva/semidx/internal/indexing/indexer.go:638.9,640.4 1 1
github.com/lgldsilva/semidx/internal/indexing/indexer.go:642.2,642.15 1 1
github.com/lgldsilva/semidx/internal/indexing/indexer.go:648.166,649.67 1 1
github.com/lgldsilva/semidx/internal/indexing/indexer.go:649.67,656.22 6 1
github.com/lgldsilva/semidx/internal/indexing/indexer.go:656.22,658.4 1 1
github.com/lgldsilva/semidx/internal/indexing/indexer.go:660.3,662.29 2 1
github.com/lgldsilva/semidx/internal/indexing/indexer.go:662.29,664.4 1 1
github.com/lgldsilva/semidx/internal/indexing/indexer.go:664.9,666.16 2 1
github.com/lgldsilva/semidx/internal/indexing/indexer.go:666.16,668.5 1 1
github.com/lgldsilva/semidx/internal/indexing/indexer.go:669.4,669.11 1 1
github.com/lgldsilva/semidx/internal/indexing/indexer.go:669.11,670.13 1 1
github.com/lgldsilva/semidx/internal/indexing/indexer.go:674.3,674.100 1 1
github.com/lgldsilva/semidx/internal/indexing/indexer.go:674.100,677.12 3 1
github.com/lgldsilva/semidx/internal/indexing/indexer.go:679.3,679.22 1 1
github.com/lgldsilva/semidx/internal/indexing/indexer.go:681.2,681.26 1 1
github.com/lgldsilva/semidx/internal/indexing/indexer.go:698.46,700.31 2 1
github.com/lgldsilva/semidx/internal/indexing/indexer.go:700.31,703.3 2 1
github.com/lgldsilva/semidx/internal/indexing/indexer.go:704.2,704.15 1 1
github.com/lgldsilva/semidx/internal/indexing/indexer.go:711.95,721.27 3 1
github.com/lgldsilva/semidx/internal/indexing/indexer.go:721.27,722.31 1 1
github.com/lgldsilva/semidx/internal/indexing/indexer.go:722.31,725.4 2 1
github.com/lgldsilva/semidx/internal/indexing/indexer.go:725.9,729.4 3 1
github.com/lgldsilva/semidx/internal/indexing/indexer.go:731.2,732.12 2 1
github.com/lgldsilva/semidx/internal/indexing/indexer.go:737.126,739.16 2 1
github.com/lgldsilva/semidx/internal/indexing/indexer.go:739.16,742.3 2 1
github.com/lgldsilva/semidx/internal/indexing/indexer.go:744.2,744.106 1 1
github.com/lgldsilva/semidx/internal/indexing/indexer.go:744.106,746.3 1 0
github.com/lgldsilva/semidx/internal/indexing/indexer.go:748.2,748.42 1 1
github.com/lgldsilva/semidx/internal/indexing/indexer.go:748.42,750.3 1 1
github.com/lgldsilva/semidx/internal/indexing/indexer.go:752.2,752.22 1 1
github.com/lgldsilva/semidx/internal/indexing/indexer.go:752.22,755.3 1 1
github.com/lgldsilva/semidx/internal/indexing/indexer.go:756.2,756.16 1 1
github.com/lgldsilva/semidx/internal/indexing/indexer.go:761.109,763.58 2 1
github.com/lgldsilva/semidx/internal/indexing/indexer.go:763.58,764.18 1 1
github.com/lgldsilva/semidx/internal/indexing/indexer.go:764.18,765.53 1 1
github.com/lgldsilva/semidx/internal/indexing/indexer.go:765.53,767.5 1 1
github.com/lgldsilva/semidx/internal/indexing/indexer.go:769.3,770.17 2 1
github.com/lgldsilva/semidx/internal/indexing/indexer.go:770.17,772.4 1 1
github.com/lgldsilva/semidx/internal/indexing/indexer.go:773.3,774.23 2 1
github.com/lgldsilva/semidx/internal/indexing/indexer.go:774.23,776.4 1 1
github.com/lgldsilva/semidx/internal/indexing/indexer.go:778.2,778.21 1 1
github.com/lgldsilva/semidx/internal/indexing/indexer.go:783.59,787.19 4 1
github.com/lgldsilva/semidx/internal/indexing/indexer.go:787.19,788.73 1 1
github.com/lgldsilva/semidx/internal/indexing/indexer.go:788.73,790.4 1 1
github.com/lgldsilva/semidx/internal/indexing/indexer.go:792.2,795.9 4 1
github.com/lgldsilva/semidx/internal/indexing/indexer.go:796.20,797.19 1 1
github.com/lgldsilva/semidx/internal/indexing/indexer.go:798.13,799.13 1 1
github.com/lgldsilva/semidx/internal/indexing/indexer.go:805.62,806.30 1 1
github.com/lgldsilva/semidx/internal/indexing/indexer.go:806.30,808.3 1 0
github.com/lgldsilva/semidx/internal/indexing/indexer.go:809.2,810.20 2 1
github.com/lgldsilva/semidx/internal/indexing/indexer.go:810.20,811.28 1 1
github.com/lgldsilva/semidx/internal/indexing/indexer.go:811.28,813.4 1 0
github.com/lgldsilva/semidx/internal/indexing/indexer.go:814.3,814.43 1 1
github.com/lgldsilva/semidx/internal/indexing/indexer.go:816.2,819.21 4 1
github.com/lgldsilva/semidx/internal/indexing/indexer.go:822.106,824.16 2 1
github.com/lgldsilva/semidx/internal/indexing/indexer.go:824.16,826.3 1 1
github.com/lgldsilva/semidx/internal/indexing/indexer.go:827.2,827.19 1 1
github.com/lgldsilva/semidx/internal/indexing/indexer.go:827.19,829.3 1 1
github.com/lgldsilva/semidx/internal/indexing/indexer.go:831.2,832.33 2 1
github.com/lgldsilva/semidx/internal/indexing/indexer.go:832.33,833.23 1 1
github.com/lgldsilva/semidx/internal/indexing/indexer.go:833.23,834.12 1 0
github.com/lgldsilva/semidx/internal/indexing/indexer.go:836.3,836.12 1 1
github.com/lgldsilva/semidx/internal/indexing/indexer.go:836.12,838.4 1 1
github.com/lgldsilva/semidx/internal/indexing/indexer.go:839.3,839.53 1 1
github.com/lgldsilva/semidx/internal/indexing/indexer.go:839.53,840.32 1 1
github.com/lgldsilva/semidx/internal/indexing/indexer.go:840.32,842.5 1 1
github.com/lgldsilva/semidx/internal/indexing/indexer.go:845.2,845.12 1 1
github.com/lgldsilva/semidx/internal/indexing/indexer.go:854.103,855.37 1 1
github.com/lgldsilva/semidx/internal/indexing/indexer.go:855.37,857.3 1 1
github.com/lgldsilva/semidx/internal/indexing/indexer.go:859.2,863.16 4 1
github.com/lgldsilva/semidx/internal/indexing/indexer.go:863.16,865.3 1 0
github.com/lgldsilva/semidx/internal/indexing/indexer.go:866.2,866.85 1 1
github.com/lgldsilva/semidx/internal/indexing/indexer.go:866.85,868.3 1 0
github.com/lgldsilva/semidx/internal/indexing/indexer.go:870.2,871.9 2 1
github.com/lgldsilva/semidx/internal/indexing/indexer.go:871.9,873.3 1 1
github.com/lgldsilva/semidx/internal/indexing/indexer.go:874.2,875.117 2 1
github.com/lgldsilva/semidx/internal/indexing/indexer.go:882.101,886.16 3 1
github.com/lgldsilva/semidx/internal/indexing/indexer.go:886.16,887.34 1 1
github.com/lgldsilva/semidx/internal/indexing/indexer.go:887.34,889.4 1 0
github.com/lgldsilva/semidx/internal/indexing/indexer.go:892.2,893.16 2 1
github.com/lgldsilva/semidx/internal/indexing/indexer.go:893.16,895.3 1 1
github.com/lgldsilva/semidx/internal/indexing/indexer.go:897.2,897.114 1 1
github.com/lgldsilva/semidx/internal/indexing/indexer.go:897.114,899.3 1 0
github.com/lgldsilva/semidx/internal/indexing/indexer.go:900.2,900.24 1 1
github.com/lgldsilva/semidx/internal/indexing/indexer.go:907.110,909.28 1 1
github.com/lgldsilva/semidx/internal/indexing/indexer.go:909.28,911.3 1 1
github.com/lgldsilva/semidx/internal/indexing/indexer.go:913.2,914.35 2 1
github.com/lgldsilva/semidx/internal/indexing/indexer.go:914.35,916.3 1 1
github.com/lgldsilva/semidx/internal/indexing/indexer.go:919.2,919.50 1 0
github.com/lgldsilva/semidx/internal/indexing/indexer.go:923.83,924.28 1 1
github.com/lgldsilva/semidx/internal/indexing/indexer.go:924.28,926.3 1 1
github.com/lgldsilva/semidx/internal/indexing/indexer.go:927.2,928.16 2 1
github.com/lgldsilva/semidx/internal/indexing/indexer.go:928.16,930.3 1 0
github.com/lgldsilva/semidx/internal/indexing/indexer.go:931.2,931.12 1 1
github.com/lgldsilva/semidx/internal/indexing/indexer.go:935.40,938.2 2 1
github.com/lgldsilva/semidx/internal/indexing/indexer.go:942.87,944.16 2 0
github.com/lgldsilva/semidx/internal/indexing/indexer.go:944.16,946.3 1 0
github.com/lgldsilva/semidx/internal/indexing/indexer.go:947.2,947.15 1 0
github.com/lgldsilva/semidx/internal/indexing/indexer.go:947.15,949.3 1 0
github.com/lgldsilva/semidx/internal/indexing/indexer.go:950.2,950.57 1 0
github.com/lgldsilva/semidx/internal/indexing/indexer.go:955.34,957.2 1 1
github.com/lgldsilva/semidx/internal/indexing/indexer.go:961.34,962.32 1 1
github.com/lgldsilva/semidx/internal/indexing/indexer.go:962.32,964.3 1 0
github.com/lgldsilva/semidx/internal/indexing/indexer.go:965.2,965.24 1 1
github.com/lgldsilva/semidx/internal/indexing/indexer.go:965.24,966.10 1 1
github.com/lgldsilva/semidx/internal/indexing/indexer.go:967.73,967.73 0 1
github.com/lgldsilva/semidx/internal/indexing/indexer.go:968.67,968.67 0 1
github.com/lgldsilva/semidx/internal/indexing/indexer.go:969.11,970.16 1 0
github.com/lgldsilva/semidx/internal/indexing/indexer.go:973.2,973.13 1 1
github.com/lgldsilva/semidx/internal/indexing/indexer.go:978.86,979.30 1 1
github.com/lgldsilva/semidx/internal/indexing/indexer.go:979.30,981.3 1 0
github.com/lgldsilva/semidx/internal/indexing/indexer.go:982.2,987.16 6 1
github.com/lgldsilva/semidx/internal/indexing/indexer.go:987.16,989.3 1 1
github.com/lgldsilva/semidx/internal/indexing/indexer.go:990.2,990.44 1 1
github.com/lgldsilva/semidx/internal/indexing/indexer.go:993.54,994.17 1 1
github.com/lgldsilva/semidx/internal/indexing/indexer.go:994.17,996.3 1 1
github.com/lgldsilva/semidx/internal/indexing/indexer.go:999.71,1000.17 1 1
github.com/lgldsilva/semidx/internal/indexing/indexer.go:1000.17,1006.3 2 1
github.com/lgldsilva/semidx/internal/indexing/indexer.go:1006.8,1006.48 1 1
github.com/lgldsilva/semidx/internal/indexing/indexer.go:1006.48,1010.3 1 1
github.com/lgldsilva/semidx/internal/indexing/indexer.go:1018.49,1021.41 3 1
github.com/lgldsilva/semidx/internal/indexing/indexer.go:1021.41,1025.3 3 1
github.com/lgldsilva/semidx/internal/indexing/indexer.go:1026.2,1035.13 9 1
github.com/lgldsilva/semidx/internal/indexing/indexer.go:1038.48,1039.16 1 1
github.com/lgldsilva/semidx/internal/indexing/indexer.go:1039.16,1041.3 1 1
github.com/lgldsilva/semidx/internal/indexing/indexer.go:1042.2,1043.22 2 1
github.com/lgldsilva/semidx/internal/indexing/indexer.go:1043.22,1045.3 1 1
github.com/lgldsilva/semidx/internal/indexing/indexer.go:1046.2,1046.27 1 1
github.com/lgldsilva/semidx/internal/indexing/module.go:12.48,14.16 2 1
github.com/lgldsilva/semidx/internal/indexing/module.go:14.16,16.3 1 1
github.com/lgldsilva/semidx/internal/indexing/module.go:17.2,17.15 1 1
github.com/lgldsilva/semidx/internal/indexing/module.go:17.15,17.32 1 1
github.com/lgldsilva/semidx/internal/indexing/module.go:18.2,19.21 2 1
github.com/lgldsilva/semidx/internal/indexing/module.go:19.21,21.41 2 1
github.com/lgldsilva/semidx/internal/indexing/module.go:21.41,23.4 1 1
github.com/lgldsilva/semidx/internal/indexing/module.go:25.2,25.11 1 1
github.com/lgldsilva/semidx/internal/indexing/watcher.go:31.82,39.2 1 1
github.com/lgldsilva/semidx/internal/indexing/watcher.go:45.52,47.16 2 0
github.com/lgldsilva/semidx/internal/indexing/watcher.go:47.16,49.3 1 0
github.com/lgldsilva/semidx/internal/indexing/watcher.go:50.2,50.15 1 0
github.com/lgldsilva/semidx/internal/indexing/watcher.go:50.15,50.38 1 0
github.com/lgldsilva/semidx/internal/indexing/watcher.go:53.2,53.58 1 0
github.com/lgldsilva/semidx/internal/indexing/watcher.go:53.58,55.3 1 0
github.com/lgldsilva/semidx/internal/indexing/watcher.go:57.2,63.6 4 0
github.com/lgldsilva/semidx/internal/indexing/watcher.go:63.6,64.10 1 0
github.com/lgldsilva/semidx/internal/indexing/watcher.go:65.21,67.20 2 0
github.com/lgldsilva/semidx/internal/indexing/watcher.go:69.38,70.11 1 0
github.com/lgldsilva/semidx/internal/indexing/watcher.go:70.11,72.5 1 0
github.com/lgldsilva/semidx/internal/indexing/watcher.go:73.4,73.70 1 0
github.com/lgldsilva/semidx/internal/indexing/watcher.go:75.36,76.11 1 0
github.com/lgldsilva/semidx/internal/indexing/watcher.go:76.11,78.5 1 0
github.com/lgldsilva/semidx/internal/indexing/watcher.go:79.4,79.45 1 0
github.com/lgldsilva/semidx/internal/indexing/watcher.go:85.63,87.27 2 1
github.com/lgldsilva/semidx/internal/indexing/watcher.go:87.27,89.3 1 1
github.com/lgldsilva/semidx/internal/indexing/watcher.go:90.2,90.15 1 1
github.com/lgldsilva/semidx/internal/indexing/watcher.go:94.154,95.27 1 1
github.com/lgldsilva/semidx/internal/indexing/watcher.go:95.27,97.3 1 1
github.com/lgldsilva/semidx/internal/indexing/watcher.go:98.2,98.9 1 1
github.com/lgldsilva/semidx/internal/indexing/watcher.go:99.37,100.46 1 1
github.com/lgldsilva/semidx/internal/indexing/watcher.go:101.36,102.46 1 1
github.com/lgldsilva/semidx/internal/indexing/watcher.go:103.70,104.34 1 1
github.com/lgldsilva/semidx/internal/indexing/watcher.go:110.96,111.60 1 1
github.com/lgldsilva/semidx/internal/indexing/watcher.go:111.60,112.49 1 1
github.com/lgldsilva/semidx/internal/indexing/watcher.go:112.49,114.4 1 1
github.com/lgldsilva/semidx/internal/indexing/watcher.go:116.2,116.27 1 1
github.com/lgldsilva/semidx/internal/indexing/watcher.go:120.73,121.82 1 1
github.com/lgldsilva/semidx/internal/indexing/watcher.go:121.82,122.17 1 1
github.com/lgldsilva/semidx/internal/indexing/watcher.go:122.17,124.4 1 0
github.com/lgldsilva/semidx/internal/indexing/watcher.go:125.3,125.17 1 1
github.com/lgldsilva/semidx/internal/indexing/watcher.go:125.17,127.4 1 0
github.com/lgldsilva/semidx/internal/indexing/watcher.go:128.3,128.53 1 1
github.com/lgldsilva/semidx/internal/indexing/watcher.go:128.53,130.4 1 1
github.com/lgldsilva/semidx/internal/indexing/watcher.go:131.3,131.27 1 1
github.com/lgldsilva/semidx/internal/indexing/watcher.go:136.34,138.29 2 1
github.com/lgldsilva/semidx/internal/indexing/watcher.go:138.29,139.33 1 1
github.com/lgldsilva/semidx/internal/indexing/watcher.go:139.33,141.4 1 1
github.com/lgldsilva/semidx/internal/indexing/watcher.go:143.2,143.14 1 1
github.com/lgldsilva/semidx/internal/indexing/watcher.go:148.115,151.31 3 1
github.com/lgldsilva/semidx/internal/indexing/watcher.go:151.31,153.3 1 1
github.com/lgldsilva/semidx/internal/indexing/watcher.go:154.2,154.47 1 1
github.com/lgldsilva/semidx/internal/indexing/watcher.go:154.47,159.3 4 1
github.com/lgldsilva/semidx/internal/indexing/watcher.go:163.66,165.16 2 1
github.com/lgldsilva/semidx/internal/indexing/watcher.go:165.16,167.3 1 0
github.com/lgldsilva/semidx/internal/indexing/watcher.go:169.2,169.31 1 1
github.com/lgldsilva/semidx/internal/indexing/watcher.go:169.31,171.3 1 1
github.com/lgldsilva/semidx/internal/indexing/watcher.go:174.2,175.17 2 1
github.com/lgldsilva/semidx/internal/indexing/watcher.go:175.17,178.3 2 0
github.com/lgldsilva/semidx/internal/indexing/watcher.go:179.2,179.18 1 1
github.com/lgldsilva/semidx/internal/indexing/watcher.go:179.18,181.3 1 0
github.com/lgldsilva/semidx/internal/indexing/watcher.go:182.2,182.17 1 1
github.com/lgldsilva/semidx/internal/indexing/watcher.go:183.22,184.45 1 1
github.com/lgldsilva/semidx/internal/indexing/watcher.go:185.31,185.31 0 0
github.com/lgldsilva/semidx/internal/indexing/watcher.go:187.27,188.54 1 0
github.com/lgldsilva/semidx/internal/indexing/watcher.go:193.66,195.16 2 1
github.com/lgldsilva/semidx/internal/indexing/watcher.go:195.16,197.3 1 0
github.com/lgldsilva/semidx/internal/indexing/watcher.go:199.2,199.73 1 1
github.com/lgldsilva/semidx/internal/indexing/watcher.go:199.73,202.3 2 0
github.com/lgldsilva/semidx/internal/indexing/watcher.go:203.2,203.44 1 1
