mode: set
github.com/lgldsilva/semidx/internal/chunker/chunker.go:81.37,83.2 1 1
github.com/lgldsilva/semidx/internal/chunker/chunker.go:89.36,91.29 2 1
github.com/lgldsilva/semidx/internal/chunker/chunker.go:91.29,92.24 1 1
github.com/lgldsilva/semidx/internal/chunker/chunker.go:92.24,94.4 1 1
github.com/lgldsilva/semidx/internal/chunker/chunker.go:97.2,98.22 2 1
github.com/lgldsilva/semidx/internal/chunker/chunker.go:98.22,100.3 1 1
github.com/lgldsilva/semidx/internal/chunker/chunker.go:102.2,102.15 1 1
github.com/lgldsilva/semidx/internal/chunker/chunker.go:102.15,104.3 1 1
github.com/lgldsilva/semidx/internal/chunker/chunker.go:106.2,107.29 2 0
github.com/lgldsilva/semidx/internal/chunker/chunker.go:113.35,115.15 2 1
github.com/lgldsilva/semidx/internal/chunker/chunker.go:115.15,117.3 1 1
github.com/lgldsilva/semidx/internal/chunker/chunker.go:118.2,118.43 1 0
github.com/lgldsilva/semidx/internal/chunker/chunker.go:123.67,124.22 1 1
github.com/lgldsilva/semidx/internal/chunker/chunker.go:124.22,126.3 1 1
github.com/lgldsilva/semidx/internal/chunker/chunker.go:127.2,127.37 1 1
github.com/lgldsilva/semidx/internal/chunker/chunker.go:130.54,139.21 5 1
github.com/lgldsilva/semidx/internal/chunker/chunker.go:139.21,143.10 3 1
github.com/lgldsilva/semidx/internal/chunker/chunker.go:144.63,146.15 1 1
github.com/lgldsilva/semidx/internal/chunker/chunker.go:147.29,148.42 1 1
github.com/lgldsilva/semidx/internal/chunker/chunker.go:149.11,150.33 1 1
github.com/lgldsilva/semidx/internal/chunker/chunker.go:154.2,157.46 2 1
github.com/lgldsilva/semidx/internal/chunker/chunker.go:157.46,159.3 1 0
github.com/lgldsilva/semidx/internal/chunker/chunker.go:161.2,161.19 1 1
github.com/lgldsilva/semidx/internal/chunker/chunker.go:175.35,176.26 1 1
github.com/lgldsilva/semidx/internal/chunker/chunker.go:176.26,178.3 1 1
github.com/lgldsilva/semidx/internal/chunker/chunker.go:179.2,180.19 2 1
github.com/lgldsilva/semidx/internal/chunker/chunker.go:185.64,186.69 1 1
github.com/lgldsilva/semidx/internal/chunker/chunker.go:186.69,188.3 1 1
github.com/lgldsilva/semidx/internal/chunker/chunker.go:189.2,189.26 1 1
github.com/lgldsilva/semidx/internal/chunker/chunker.go:189.26,191.3 1 1
github.com/lgldsilva/semidx/internal/chunker/chunker.go:192.2,194.29 3 1
github.com/lgldsilva/semidx/internal/chunker/chunker.go:200.73,202.53 2 1
github.com/lgldsilva/semidx/internal/chunker/chunker.go:202.53,203.45 1 1
github.com/lgldsilva/semidx/internal/chunker/chunker.go:203.45,205.4 1 1
github.com/lgldsilva/semidx/internal/chunker/chunker.go:209.54,211.27 2 1
github.com/lgldsilva/semidx/internal/chunker/chunker.go:211.27,213.3 1 1
github.com/lgldsilva/semidx/internal/chunker/chunker.go:215.2,219.24 4 1
github.com/lgldsilva/semidx/internal/chunker/chunker.go:219.24,226.23 3 1
github.com/lgldsilva/semidx/internal/chunker/chunker.go:226.23,227.9 1 1
github.com/lgldsilva/semidx/internal/chunker/chunker.go:229.3,229.52 1 1
github.com/lgldsilva/semidx/internal/chunker/chunker.go:232.2,232.15 1 1
github.com/lgldsilva/semidx/internal/chunker/chunker.go:239.56,241.22 2 1
github.com/lgldsilva/semidx/internal/chunker/chunker.go:241.22,243.3 1 1
github.com/lgldsilva/semidx/internal/chunker/chunker.go:244.2,244.69 1 1
github.com/lgldsilva/semidx/internal/chunker/chunker.go:244.69,246.3 1 1
github.com/lgldsilva/semidx/internal/chunker/chunker.go:247.2,247.48 1 1
github.com/lgldsilva/semidx/internal/chunker/chunker.go:247.48,249.3 1 1
github.com/lgldsilva/semidx/internal/chunker/chunker.go:250.2,250.12 1 1
github.com/lgldsilva/semidx/internal/chunker/chunker.go:255.63,257.70 2 1
github.com/lgldsilva/semidx/internal/chunker/chunker.go:257.70,259.3 1 1
github.com/lgldsilva/semidx/internal/chunker/chunker.go:260.2,260.19 1 1
github.com/lgldsilva/semidx/internal/chunker/chunker.go:260.19,262.3 1 0
github.com/lgldsilva/semidx/internal/chunker/chunker.go:263.2,263.13 1 1
github.com/lgldsilva/semidx/internal/chunker/chunker.go:267.42,268.24 1 1
github.com/lgldsilva/semidx/internal/chunker/chunker.go:268.24,270.3 1 1
github.com/lgldsilva/semidx/internal/chunker/chunker.go:271.2,271.16 1 1
github.com/lgldsilva/semidx/internal/chunker/chunker.go:271.16,273.3 1 1
github.com/lgldsilva/semidx/internal/chunker/chunker.go:274.2,274.47 1 1
github.com/lgldsilva/semidx/internal/chunker/chunker.go:279.50,281.24 2 1
github.com/lgldsilva/semidx/internal/chunker/chunker.go:281.24,283.42 2 1
github.com/lgldsilva/semidx/internal/chunker/chunker.go:283.42,285.4 1 1
github.com/lgldsilva/semidx/internal/chunker/chunker.go:286.3,286.15 1 1
github.com/lgldsilva/semidx/internal/chunker/chunker.go:286.15,288.48 2 1
github.com/lgldsilva/semidx/internal/chunker/chunker.go:288.48,290.5 1 1
github.com/lgldsilva/semidx/internal/chunker/chunker.go:292.3,293.14 2 1
github.com/lgldsilva/semidx/internal/chunker/chunker.go:295.2,295.16 1 1
github.com/lgldsilva/semidx/internal/chunker/chunker.go:295.16,297.3 1 1
github.com/lgldsilva/semidx/internal/chunker/chunker.go:298.2,298.12 1 1
github.com/lgldsilva/semidx/internal/chunker/chunker.go:301.80,302.29 1 1
github.com/lgldsilva/semidx/internal/chunker/chunker.go:302.29,304.3 1 1
github.com/lgldsilva/semidx/internal/chunker/chunker.go:305.2,305.46 1 1
github.com/lgldsilva/semidx/internal/chunker/chunker.go:305.46,307.3 1 1
github.com/lgldsilva/semidx/internal/chunker/chunker.go:308.2,308.11 1 1
github.com/lgldsilva/semidx/internal/chunker/chunker.go:308.11,310.3 1 1
github.com/lgldsilva/semidx/internal/chunker/chunker.go:311.2,311.20 1 1
github.com/lgldsilva/semidx/internal/chunker/chunker_ast.go:25.70,27.20 2 1
github.com/lgldsilva/semidx/internal/chunker/chunker_ast.go:27.20,29.3 1 1
github.com/lgldsilva/semidx/internal/chunker/chunker_ast.go:30.2,30.50 1 1
github.com/lgldsilva/semidx/internal/chunker/chunker_ast.go:34.85,38.41 3 1
github.com/lgldsilva/semidx/internal/chunker/chunker_ast.go:38.41,40.3 1 1
github.com/lgldsilva/semidx/internal/chunker/chunker_ast.go:42.2,43.21 2 1
github.com/lgldsilva/semidx/internal/chunker/chunker_ast.go:43.21,45.3 1 0
github.com/lgldsilva/semidx/internal/chunker/chunker_ast.go:47.2,50.29 3 1
github.com/lgldsilva/semidx/internal/chunker/chunker_ast.go:50.29,57.3 5 1
github.com/lgldsilva/semidx/internal/chunker/chunker_ast.go:59.2,59.64 1 1
github.com/lgldsilva/semidx/internal/chunker/chunker_ast.go:64.108,65.32 1 1
github.com/lgldsilva/semidx/internal/chunker/chunker_ast.go:65.32,67.3 1 1
github.com/lgldsilva/semidx/internal/chunker/chunker_ast.go:68.2,69.71 2 1
github.com/lgldsilva/semidx/internal/chunker/chunker_ast.go:69.71,71.3 1 1
github.com/lgldsilva/semidx/internal/chunker/chunker_ast.go:72.2,72.15 1 1
github.com/lgldsilva/semidx/internal/chunker/chunker_ast.go:76.47,77.24 1 1
github.com/lgldsilva/semidx/internal/chunker/chunker_ast.go:77.24,79.3 1 1
github.com/lgldsilva/semidx/internal/chunker/chunker_ast.go:80.2,80.15 1 1
github.com/lgldsilva/semidx/internal/chunker/chunker_ast.go:85.108,90.45 4 1
github.com/lgldsilva/semidx/internal/chunker/chunker_ast.go:90.45,96.3 1 1
github.com/lgldsilva/semidx/internal/chunker/chunker_ast.go:97.2,97.90 1 1
github.com/lgldsilva/semidx/internal/chunker/chunker_ast.go:102.91,103.28 1 1
github.com/lgldsilva/semidx/internal/chunker/chunker_ast.go:103.28,105.3 1 1
github.com/lgldsilva/semidx/internal/chunker/chunker_ast.go:106.2,107.16 2 1
github.com/lgldsilva/semidx/internal/chunker/chunker_ast.go:107.16,109.3 1 1
github.com/lgldsilva/semidx/internal/chunker/chunker_ast.go:110.2,110.15 1 1
github.com/lgldsilva/semidx/internal/chunker/chunker_ast.go:115.85,121.25 5 1
github.com/lgldsilva/semidx/internal/chunker/chunker_ast.go:121.25,123.28 1 1
github.com/lgldsilva/semidx/internal/chunker/chunker_ast.go:123.28,125.4 1 1
github.com/lgldsilva/semidx/internal/chunker/chunker_ast.go:127.3,137.37 6 1
github.com/lgldsilva/semidx/internal/chunker/chunker_ast.go:140.2,140.15 1 1
github.com/lgldsilva/semidx/internal/chunker/chunker_ast.go:146.88,148.63 2 1
github.com/lgldsilva/semidx/internal/chunker/chunker_ast.go:148.63,156.3 3 1
github.com/lgldsilva/semidx/internal/chunker/chunker_ast.go:157.2,157.15 1 1
github.com/lgldsilva/semidx/internal/chunker/chunker_ast.go:163.71,165.26 2 1
github.com/lgldsilva/semidx/internal/chunker/chunker_ast.go:165.26,167.3 1 1
github.com/lgldsilva/semidx/internal/chunker/chunker_ast.go:168.2,169.27 2 1
github.com/lgldsilva/semidx/internal/chunker/chunker_ast.go:169.27,171.3 1 1
github.com/lgldsilva/semidx/internal/chunker/chunker_ast.go:173.2,173.60 1 1
github.com/lgldsilva/semidx/internal/chunker/chunker_ast.go:173.60,175.3 1 1
github.com/lgldsilva/semidx/internal/chunker/chunker_ast.go:176.2,177.17 2 1
github.com/lgldsilva/semidx/internal/chunker/chunker_ast.go:177.17,180.28 2 0
github.com/lgldsilva/semidx/internal/chunker/chunker_ast.go:180.28,182.4 1 0
github.com/lgldsilva/semidx/internal/chunker/chunker_ast.go:184.2,184.14 1 1
github.com/lgldsilva/semidx/internal/chunker/chunker_ast.go:189.44,191.35 1 1
github.com/lgldsilva/semidx/internal/chunker/chunker_ast.go:191.35,193.3 1 1
github.com/lgldsilva/semidx/internal/chunker/chunker_ast.go:194.2,194.14 1 1
github.com/lgldsilva/semidx/internal/chunker/chunker_ast.go:200.79,201.19 1 1
github.com/lgldsilva/semidx/internal/chunker/chunker_ast.go:201.19,203.3 1 1
github.com/lgldsilva/semidx/internal/chunker/chunker_ast.go:204.2,204.26 1 1
github.com/lgldsilva/semidx/internal/chunker/chunker_ast.go:204.26,206.3 1 1
github.com/lgldsilva/semidx/internal/chunker/chunker_ast.go:207.2,207.25 1 1
github.com/lgldsilva/semidx/internal/chunker/chunker_ast.go:207.25,209.3 1 1
github.com/lgldsilva/semidx/internal/chunker/chunker_ast.go:212.2,217.27 4 1
github.com/lgldsilva/semidx/internal/chunker/chunker_ast.go:217.27,218.10 1 1
github.com/lgldsilva/semidx/internal/chunker/chunker_ast.go:219.63,220.15 1 1
github.com/lgldsilva/semidx/internal/chunker/chunker_ast.go:221.29,222.42 1 0
github.com/lgldsilva/semidx/internal/chunker/chunker_ast.go:223.11,224.33 1 1
github.com/lgldsilva/semidx/internal/chunker/chunker_ast.go:226.3,226.12 1 1
github.com/lgldsilva/semidx/internal/chunker/chunker_ast.go:228.2,230.26 2 1
github.com/lgldsilva/semidx/internal/chunker/chunker_ast.go:230.26,232.3 1 0
github.com/lgldsilva/semidx/internal/chunker/chunker_ast.go:233.2,233.19 1 1
